{"/Users/jared.barnes/Documents/clarity-cursor/.clarity/test.js":{"path":"/Users/jared.barnes/Documents/clarity-cursor/.clarity/test.js","statementMap":{"0":{"start":{"line":1,"column":9},"end":{"line":1,"column":28}},"1":{"start":{"line":2,"column":11},"end":{"line":2,"column":26}},"2":{"start":{"line":4,"column":18},"end":{"line":4,"column":80}},"3":{"start":{"line":5,"column":23},"end":{"line":5,"column":85}},"4":{"start":{"line":6,"column":22},"end":{"line":6,"column":58}},"5":{"start":{"line":7,"column":25},"end":{"line":11,"column":1}},"6":{"start":{"line":13,"column":24},"end":{"line":15,"column":1}},"7":{"start":{"line":14,"column":4},"end":{"line":14,"column":33}},"8":{"start":{"line":17,"column":18},"end":{"line":26,"column":1}},"9":{"start":{"line":18,"column":4},"end":{"line":25,"column":5}},"10":{"start":{"line":19,"column":8},"end":{"line":19,"column":35}},"11":{"start":{"line":20,"column":21},"end":{"line":20,"column":25}},"12":{"start":{"line":22,"column":8},"end":{"line":22,"column":78}},"13":{"start":{"line":24,"column":8},"end":{"line":24,"column":22}},"14":{"start":{"line":28,"column":0},"end":{"line":114,"column":3}},"15":{"start":{"line":29,"column":4},"end":{"line":111,"column":26}},"16":{"start":{"line":31,"column":8},"end":{"line":109,"column":11}},"17":{"start":{"line":32,"column":12},"end":{"line":105,"column":13}},"18":{"start":{"line":33,"column":16},"end":{"line":33,"column":44}},"19":{"start":{"line":34,"column":16},"end":{"line":34,"column":34}},"20":{"start":{"line":35,"column":16},"end":{"line":35,"column":44}},"21":{"start":{"line":36,"column":16},"end":{"line":45,"column":17}},"22":{"start":{"line":37,"column":32},"end":{"line":37,"column":71}},"23":{"start":{"line":39,"column":20},"end":{"line":39,"column":58}},"24":{"start":{"line":40,"column":20},"end":{"line":40,"column":43}},"25":{"start":{"line":41,"column":20},"end":{"line":41,"column":39}},"26":{"start":{"line":42,"column":20},"end":{"line":42,"column":43}},"27":{"start":{"line":44,"column":20},"end":{"line":44,"column":45}},"28":{"start":{"line":47,"column":37},"end":{"line":47,"column":59}},"29":{"start":{"line":48,"column":30},"end":{"line":48,"column":63}},"30":{"start":{"line":49,"column":30},"end":{"line":49,"column":63}},"31":{"start":{"line":50,"column":28},"end":{"line":50,"column":59}},"32":{"start":{"line":52,"column":37},"end":{"line":59,"column":18}},"33":{"start":{"line":53,"column":20},"end":{"line":53,"column":74}},"34":{"start":{"line":54,"column":20},"end":{"line":54,"column":43}},"35":{"start":{"line":55,"column":20},"end":{"line":55,"column":39}},"36":{"start":{"line":56,"column":20},"end":{"line":56,"column":43}},"37":{"start":{"line":58,"column":20},"end":{"line":58,"column":44}},"38":{"start":{"line":61,"column":16},"end":{"line":104,"column":19}},"39":{"start":{"line":62,"column":20},"end":{"line":62,"column":62}},"40":{"start":{"line":65,"column":20},"end":{"line":71,"column":21}},"41":{"start":{"line":66,"column":24},"end":{"line":66,"column":114}},"42":{"start":{"line":68,"column":24},"end":{"line":70,"column":27}},"43":{"start":{"line":69,"column":28},"end":{"line":69,"column":53}},"44":{"start":{"line":73,"column":20},"end":{"line":92,"column":23}},"45":{"start":{"line":74,"column":37},"end":{"line":74,"column":63}},"46":{"start":{"line":75,"column":24},"end":{"line":75,"column":94}},"47":{"start":{"line":77,"column":24},"end":{"line":77,"column":38}},"48":{"start":{"line":79,"column":24},"end":{"line":79,"column":59}},"49":{"start":{"line":81,"column":24},"end":{"line":81,"column":59}},"50":{"start":{"line":82,"column":24},"end":{"line":82,"column":47}},"51":{"start":{"line":83,"column":24},"end":{"line":83,"column":43}},"52":{"start":{"line":84,"column":24},"end":{"line":84,"column":47}},"53":{"start":{"line":86,"column":24},"end":{"line":86,"column":39}},"54":{"start":{"line":88,"column":24},"end":{"line":88,"column":67}},"55":{"start":{"line":89,"column":24},"end":{"line":89,"column":47}},"56":{"start":{"line":90,"column":24},"end":{"line":90,"column":43}},"57":{"start":{"line":91,"column":24},"end":{"line":91,"column":47}},"58":{"start":{"line":95,"column":20},"end":{"line":95,"column":37}},"59":{"start":{"line":97,"column":20},"end":{"line":97,"column":65}},"60":{"start":{"line":98,"column":20},"end":{"line":98,"column":43}},"61":{"start":{"line":99,"column":20},"end":{"line":99,"column":39}},"62":{"start":{"line":100,"column":20},"end":{"line":100,"column":43}},"63":{"start":{"line":102,"column":20},"end":{"line":102,"column":48}},"64":{"start":{"line":103,"column":20},"end":{"line":103,"column":40}},"65":{"start":{"line":107,"column":12},"end":{"line":107,"column":37}},"66":{"start":{"line":113,"column":4},"end":{"line":113,"column":68}}},"fnMap":{"0":{"name":"(anonymous_0)","decl":{"start":{"line":13,"column":24},"end":{"line":13,"column":25}},"loc":{"start":{"line":13,"column":30},"end":{"line":15,"column":1}},"line":13},"1":{"name":"(anonymous_1)","decl":{"start":{"line":17,"column":18},"end":{"line":17,"column":19}},"loc":{"start":{"line":17,"column":26},"end":{"line":26,"column":1}},"line":17},"2":{"name":"(anonymous_2)","decl":{"start":{"line":18,"column":11},"end":{"line":18,"column":12}},"loc":{"start":{"line":18,"column":17},"end":{"line":25,"column":5}},"line":18},"3":{"name":"(anonymous_3)","decl":{"start":{"line":28,"column":31},"end":{"line":28,"column":32}},"loc":{"start":{"line":28,"column":42},"end":{"line":112,"column":1}},"line":28},"4":{"name":"(anonymous_4)","decl":{"start":{"line":29,"column":24},"end":{"line":29,"column":25}},"loc":{"start":{"line":29,"column":43},"end":{"line":111,"column":5}},"line":29},"5":{"name":"(anonymous_5)","decl":{"start":{"line":31,"column":28},"end":{"line":31,"column":29}},"loc":{"start":{"line":31,"column":34},"end":{"line":108,"column":9}},"line":31},"6":{"name":"(anonymous_6)","decl":{"start":{"line":52,"column":53},"end":{"line":52,"column":54}},"loc":{"start":{"line":52,"column":64},"end":{"line":59,"column":17}},"line":52},"7":{"name":"(anonymous_7)","decl":{"start":{"line":61,"column":58},"end":{"line":61,"column":59}},"loc":{"start":{"line":61,"column":72},"end":{"line":63,"column":17}},"line":61},"8":{"name":"(anonymous_8)","decl":{"start":{"line":63,"column":26},"end":{"line":63,"column":27}},"loc":{"start":{"line":63,"column":49},"end":{"line":94,"column":17}},"line":63},"9":{"name":"(anonymous_9)","decl":{"start":{"line":68,"column":44},"end":{"line":68,"column":45}},"loc":{"start":{"line":68,"column":50},"end":{"line":70,"column":25}},"line":68},"10":{"name":"(anonymous_10)","decl":{"start":{"line":73,"column":40},"end":{"line":73,"column":41}},"loc":{"start":{"line":73,"column":46},"end":{"line":78,"column":21}},"line":73},"11":{"name":"(anonymous_11)","decl":{"start":{"line":78,"column":28},"end":{"line":78,"column":29}},"loc":{"start":{"line":78,"column":34},"end":{"line":80,"column":21}},"line":78},"12":{"name":"(anonymous_12)","decl":{"start":{"line":80,"column":29},"end":{"line":80,"column":30}},"loc":{"start":{"line":80,"column":40},"end":{"line":85,"column":21}},"line":80},"13":{"name":"(anonymous_13)","decl":{"start":{"line":85,"column":28},"end":{"line":85,"column":29}},"loc":{"start":{"line":85,"column":34},"end":{"line":87,"column":21}},"line":85},"14":{"name":"(anonymous_14)","decl":{"start":{"line":87,"column":29},"end":{"line":87,"column":30}},"loc":{"start":{"line":87,"column":40},"end":{"line":92,"column":21}},"line":87},"15":{"name":"(anonymous_15)","decl":{"start":{"line":94,"column":40},"end":{"line":94,"column":41}},"loc":{"start":{"line":94,"column":46},"end":{"line":96,"column":17}},"line":94},"16":{"name":"(anonymous_16)","decl":{"start":{"line":96,"column":25},"end":{"line":96,"column":26}},"loc":{"start":{"line":96,"column":36},"end":{"line":101,"column":17}},"line":96},"17":{"name":"(anonymous_17)","decl":{"start":{"line":101,"column":24},"end":{"line":101,"column":25}},"loc":{"start":{"line":101,"column":30},"end":{"line":104,"column":17}},"line":101},"18":{"name":"(anonymous_18)","decl":{"start":{"line":108,"column":16},"end":{"line":108,"column":17}},"loc":{"start":{"line":108,"column":22},"end":{"line":109,"column":9}},"line":108},"19":{"name":"(anonymous_19)","decl":{"start":{"line":112,"column":9},"end":{"line":112,"column":10}},"loc":{"start":{"line":112,"column":20},"end":{"line":114,"column":1}},"line":112}},"branchMap":{"0":{"loc":{"start":{"line":19,"column":13},"end":{"line":19,"column":34}},"type":"binary-expr","locations":[{"start":{"line":19,"column":13},"end":{"line":19,"column":15}},{"start":{"line":19,"column":19},"end":{"line":19,"column":34}}],"line":19},"1":{"loc":{"start":{"line":22,"column":17},"end":{"line":22,"column":77}},"type":"cond-expr","locations":[{"start":{"line":22,"column":45},"end":{"line":22,"column":51}},{"start":{"line":22,"column":54},"end":{"line":22,"column":77}}],"line":22},"2":{"loc":{"start":{"line":32,"column":12},"end":{"line":105,"column":13}},"type":"if","locations":[{"start":{"line":32,"column":12},"end":{"line":105,"column":13}},{"start":{"line":32,"column":12},"end":{"line":105,"column":13}}],"line":32},"3":{"loc":{"start":{"line":47,"column":37},"end":{"line":47,"column":59}},"type":"binary-expr","locations":[{"start":{"line":47,"column":37},"end":{"line":47,"column":50}},{"start":{"line":47,"column":54},"end":{"line":47,"column":59}}],"line":47},"4":{"loc":{"start":{"line":65,"column":20},"end":{"line":71,"column":21}},"type":"if","locations":[{"start":{"line":65,"column":20},"end":{"line":71,"column":21}},{"start":{"line":65,"column":20},"end":{"line":71,"column":21}}],"line":65},"5":{"loc":{"start":{"line":75,"column":33},"end":{"line":75,"column":93}},"type":"cond-expr","locations":[{"start":{"line":75,"column":61},"end":{"line":75,"column":67}},{"start":{"line":75,"column":70},"end":{"line":75,"column":93}}],"line":75}},"s":{"0":1,"1":1,"2":1,"3":1,"4":1,"5":1,"6":1,"7":75,"8":1,"9":30,"10":75,"11":75,"12":75,"13":75,"14":1,"15":1,"16":20,"17":20,"18":10,"19":10,"20":10,"21":10,"22":10,"23":0,"24":0,"25":0,"26":0,"27":0,"28":10,"29":10,"30":10,"31":10,"32":10,"33":0,"34":0,"35":0,"36":0,"37":0,"38":10,"39":55,"40":55,"41":0,"42":0,"43":0,"44":55,"45":55,"46":55,"47":55,"48":55,"49":0,"50":0,"51":0,"52":0,"53":55,"54":0,"55":0,"56":0,"57":0,"58":10,"59":0,"60":0,"61":0,"62":0,"63":10,"64":10,"65":10,"66":0},"f":{"0":75,"1":30,"2":75,"3":1,"4":20,"5":20,"6":0,"7":55,"8":55,"9":0,"10":55,"11":55,"12":0,"13":55,"14":0,"15":10,"16":0,"17":10,"18":20,"19":0},"b":{"0":[75,29],"1":[75,0],"2":[10,10],"3":[10,10],"4":[0,55],"5":[0,55]},"_coverageSchema":"43e27e138ebf9cfc5966b082cf9a028302ed4184","hash":"a18fbdd16f367224b272205ab6f4b2710a0d8033","contentHash":"5b260accc3cb76ef60c9d623d985239191a6910b130d9b03e2683e91cbf6e621"},"/Users/jared.barnes/Documents/clarity-cursor/lib/tests/AndValue.js":{"path":"/Users/jared.barnes/Documents/clarity-cursor/lib/tests/AndValue.js","statementMap":{"0":{"start":{"line":3,"column":16},"end":{"line":3,"column":80}},"1":{"start":{"line":5,"column":15},"end":{"line":5,"column":78}},"2":{"start":{"line":7,"column":14},"end":{"line":7,"column":55}},"3":{"start":{"line":9,"column":14},"end":{"line":9,"column":61}},"4":{"start":{"line":11,"column":39},"end":{"line":11,"column":93}},"5":{"start":{"line":13,"column":0},"end":{"line":17,"column":2}},"6":{"start":{"line":14,"column":2},"end":{"line":16,"column":5}},"7":{"start":{"line":15,"column":4},"end":{"line":15,"column":28}},"8":{"start":{"line":19,"column":0},"end":{"line":23,"column":2}},"9":{"start":{"line":20,"column":2},"end":{"line":22,"column":5}},"10":{"start":{"line":21,"column":4},"end":{"line":21,"column":39}},"11":{"start":{"line":25,"column":0},"end":{"line":29,"column":2}},"12":{"start":{"line":26,"column":2},"end":{"line":28,"column":5}},"13":{"start":{"line":27,"column":4},"end":{"line":27,"column":43}},"14":{"start":{"line":31,"column":0},"end":{"line":35,"column":2}},"15":{"start":{"line":32,"column":2},"end":{"line":34,"column":5}},"16":{"start":{"line":33,"column":4},"end":{"line":33,"column":49}},"17":{"start":{"line":37,"column":0},"end":{"line":41,"column":2}},"18":{"start":{"line":38,"column":2},"end":{"line":40,"column":5}},"19":{"start":{"line":39,"column":4},"end":{"line":39,"column":74}},"20":{"start":{"line":43,"column":0},"end":{"line":57,"column":2}},"21":{"start":{"line":44,"column":20},"end":{"line":44,"column":62}},"22":{"start":{"line":45,"column":19},"end":{"line":45,"column":59}},"23":{"start":{"line":46,"column":19},"end":{"line":46,"column":76}},"24":{"start":{"line":47,"column":17},"end":{"line":47,"column":47}},"25":{"start":{"line":48,"column":15},"end":{"line":48,"column":37}},"26":{"start":{"line":50,"column":2},"end":{"line":50,"column":48}},"27":{"start":{"line":52,"column":2},"end":{"line":52,"column":47}},"28":{"start":{"line":54,"column":2},"end":{"line":54,"column":44}},"29":{"start":{"line":56,"column":2},"end":{"line":56,"column":42}},"30":{"start":{"line":59,"column":0},"end":{"line":73,"column":2}},"31":{"start":{"line":60,"column":20},"end":{"line":60,"column":62}},"32":{"start":{"line":61,"column":19},"end":{"line":61,"column":59}},"33":{"start":{"line":62,"column":19},"end":{"line":62,"column":76}},"34":{"start":{"line":63,"column":17},"end":{"line":63,"column":55}},"35":{"start":{"line":64,"column":15},"end":{"line":64,"column":37}},"36":{"start":{"line":66,"column":2},"end":{"line":66,"column":48}},"37":{"start":{"line":68,"column":2},"end":{"line":68,"column":47}},"38":{"start":{"line":70,"column":2},"end":{"line":70,"column":44}},"39":{"start":{"line":72,"column":2},"end":{"line":72,"column":42}},"40":{"start":{"line":75,"column":0},"end":{"line":83,"column":2}},"41":{"start":{"line":76,"column":20},"end":{"line":76,"column":62}},"42":{"start":{"line":77,"column":19},"end":{"line":77,"column":59}},"43":{"start":{"line":78,"column":19},"end":{"line":78,"column":76}},"44":{"start":{"line":80,"column":2},"end":{"line":82,"column":5}},"45":{"start":{"line":81,"column":4},"end":{"line":81,"column":21}},"46":{"start":{"line":85,"column":0},"end":{"line":100,"column":2}},"47":{"start":{"line":86,"column":20},"end":{"line":86,"column":62}},"48":{"start":{"line":87,"column":19},"end":{"line":87,"column":59}},"49":{"start":{"line":88,"column":19},"end":{"line":88,"column":76}},"50":{"start":{"line":89,"column":16},"end":{"line":89,"column":32}},"51":{"start":{"line":90,"column":27},"end":{"line":90,"column":49}},"52":{"start":{"line":91,"column":24},"end":{"line":91,"column":43}},"53":{"start":{"line":93,"column":2},"end":{"line":93,"column":66}},"54":{"start":{"line":95,"column":2},"end":{"line":95,"column":66}},"55":{"start":{"line":97,"column":2},"end":{"line":97,"column":61}},"56":{"start":{"line":99,"column":2},"end":{"line":99,"column":63}}},"fnMap":{"0":{"name":"_interopRequireDefault","decl":{"start":{"line":11,"column":9},"end":{"line":11,"column":31}},"loc":{"start":{"line":11,"column":37},"end":{"line":11,"column":95}},"line":11},"1":{"name":"(anonymous_1)","decl":{"start":{"line":13,"column":42},"end":{"line":13,"column":43}},"loc":{"start":{"line":13,"column":48},"end":{"line":17,"column":1}},"line":13},"2":{"name":"(anonymous_2)","decl":{"start":{"line":14,"column":25},"end":{"line":14,"column":26}},"loc":{"start":{"line":14,"column":31},"end":{"line":16,"column":3}},"line":14},"3":{"name":"(anonymous_3)","decl":{"start":{"line":19,"column":35},"end":{"line":19,"column":36}},"loc":{"start":{"line":19,"column":41},"end":{"line":23,"column":1}},"line":19},"4":{"name":"(anonymous_4)","decl":{"start":{"line":20,"column":25},"end":{"line":20,"column":26}},"loc":{"start":{"line":20,"column":31},"end":{"line":22,"column":3}},"line":20},"5":{"name":"(anonymous_5)","decl":{"start":{"line":25,"column":38},"end":{"line":25,"column":39}},"loc":{"start":{"line":25,"column":44},"end":{"line":29,"column":1}},"line":25},"6":{"name":"(anonymous_6)","decl":{"start":{"line":26,"column":25},"end":{"line":26,"column":26}},"loc":{"start":{"line":26,"column":31},"end":{"line":28,"column":3}},"line":26},"7":{"name":"(anonymous_7)","decl":{"start":{"line":31,"column":40},"end":{"line":31,"column":41}},"loc":{"start":{"line":31,"column":46},"end":{"line":35,"column":1}},"line":31},"8":{"name":"(anonymous_8)","decl":{"start":{"line":32,"column":25},"end":{"line":32,"column":26}},"loc":{"start":{"line":32,"column":31},"end":{"line":34,"column":3}},"line":32},"9":{"name":"(anonymous_9)","decl":{"start":{"line":37,"column":35},"end":{"line":37,"column":36}},"loc":{"start":{"line":37,"column":41},"end":{"line":41,"column":1}},"line":37},"10":{"name":"(anonymous_10)","decl":{"start":{"line":38,"column":25},"end":{"line":38,"column":26}},"loc":{"start":{"line":38,"column":31},"end":{"line":40,"column":3}},"line":38},"11":{"name":"(anonymous_11)","decl":{"start":{"line":43,"column":31},"end":{"line":43,"column":32}},"loc":{"start":{"line":43,"column":37},"end":{"line":57,"column":1}},"line":43},"12":{"name":"(anonymous_12)","decl":{"start":{"line":59,"column":50},"end":{"line":59,"column":51}},"loc":{"start":{"line":59,"column":56},"end":{"line":73,"column":1}},"line":59},"13":{"name":"(anonymous_13)","decl":{"start":{"line":75,"column":35},"end":{"line":75,"column":36}},"loc":{"start":{"line":75,"column":41},"end":{"line":83,"column":1}},"line":75},"14":{"name":"(anonymous_14)","decl":{"start":{"line":80,"column":25},"end":{"line":80,"column":26}},"loc":{"start":{"line":80,"column":31},"end":{"line":82,"column":3}},"line":80},"15":{"name":"(anonymous_15)","decl":{"start":{"line":85,"column":30},"end":{"line":85,"column":31}},"loc":{"start":{"line":85,"column":36},"end":{"line":100,"column":1}},"line":85}},"branchMap":{"0":{"loc":{"start":{"line":11,"column":46},"end":{"line":11,"column":92}},"type":"cond-expr","locations":[{"start":{"line":11,"column":70},"end":{"line":11,"column":73}},{"start":{"line":11,"column":76},"end":{"line":11,"column":92}}],"line":11},"1":{"loc":{"start":{"line":11,"column":46},"end":{"line":11,"column":67}},"type":"binary-expr","locations":[{"start":{"line":11,"column":46},"end":{"line":11,"column":49}},{"start":{"line":11,"column":53},"end":{"line":11,"column":67}}],"line":11}},"s":{"0":1,"1":1,"2":1,"3":1,"4":4,"5":1,"6":1,"7":1,"8":1,"9":1,"10":1,"11":1,"12":1,"13":1,"14":1,"15":1,"16":1,"17":1,"18":1,"19":1,"20":1,"21":1,"22":1,"23":1,"24":1,"25":1,"26":1,"27":1,"28":1,"29":1,"30":1,"31":1,"32":1,"33":1,"34":1,"35":1,"36":1,"37":1,"38":1,"39":1,"40":1,"41":1,"42":1,"43":1,"44":1,"45":1,"46":1,"47":1,"48":1,"49":1,"50":1,"51":1,"52":1,"53":1,"54":1,"55":1,"56":1},"f":{"0":4,"1":1,"2":1,"3":1,"4":1,"5":1,"6":1,"7":1,"8":1,"9":1,"10":1,"11":1,"12":1,"13":1,"14":1,"15":1},"b":{"0":[3,1],"1":[4,4]},"_coverageSchema":"43e27e138ebf9cfc5966b082cf9a028302ed4184","hash":"6db63deb4c0939158db5efd93f7379bdbbb67c4a","contentHash":"98f5b1a1f0e855685986c96ac1d088a4b9ddb20f0a428d378bdcaa8b40f5de19"},"/Users/jared.barnes/Documents/clarity-cursor/lib/patterns/value/AndValue.js":{"path":"/Users/jared.barnes/Documents/clarity-cursor/lib/patterns/value/AndValue.js","statementMap":{"0":{"start":{"line":3,"column":0},"end":{"line":5,"column":3}},"1":{"start":{"line":6,"column":0},"end":{"line":6,"column":25}},"2":{"start":{"line":8,"column":21},"end":{"line":8,"column":71}},"3":{"start":{"line":10,"column":17},"end":{"line":10,"column":71}},"4":{"start":{"line":12,"column":14},"end":{"line":12,"column":64}},"5":{"start":{"line":14,"column":39},"end":{"line":14,"column":93}},"6":{"start":{"line":18,"column":4},"end":{"line":18,"column":26}},"7":{"start":{"line":19,"column":4},"end":{"line":19,"column":17}},"8":{"start":{"line":23,"column":4},"end":{"line":23,"column":23}},"9":{"start":{"line":24,"column":4},"end":{"line":24,"column":19}},"10":{"start":{"line":25,"column":4},"end":{"line":25,"column":20}},"11":{"start":{"line":26,"column":4},"end":{"line":26,"column":21}},"12":{"start":{"line":28,"column":4},"end":{"line":31,"column":5}},"13":{"start":{"line":29,"column":6},"end":{"line":29,"column":27}},"14":{"start":{"line":30,"column":6},"end":{"line":30,"column":37}},"15":{"start":{"line":35,"column":4},"end":{"line":35,"column":23}},"16":{"start":{"line":36,"column":4},"end":{"line":36,"column":24}},"17":{"start":{"line":37,"column":4},"end":{"line":37,"column":22}},"18":{"start":{"line":38,"column":4},"end":{"line":38,"column":21}},"19":{"start":{"line":42,"column":4},"end":{"line":44,"column":5}},"20":{"start":{"line":43,"column":6},"end":{"line":43,"column":63}},"21":{"start":{"line":48,"column":20},"end":{"line":48,"column":45}},"22":{"start":{"line":49,"column":4},"end":{"line":49,"column":48}},"23":{"start":{"line":51,"column":4},"end":{"line":58,"column":5}},"24":{"start":{"line":52,"column":23},"end":{"line":52,"column":56}},"25":{"start":{"line":53,"column":6},"end":{"line":53,"column":50}},"26":{"start":{"line":54,"column":6},"end":{"line":54,"column":19}},"27":{"start":{"line":55,"column":6},"end":{"line":55,"column":24}},"28":{"start":{"line":57,"column":6},"end":{"line":57,"column":26}},"29":{"start":{"line":62,"column":21},"end":{"line":62,"column":54}},"30":{"start":{"line":63,"column":23},"end":{"line":63,"column":38}},"31":{"start":{"line":64,"column":21},"end":{"line":64,"column":38}},"32":{"start":{"line":65,"column":18},"end":{"line":65,"column":61}},"33":{"start":{"line":65,"column":41},"end":{"line":65,"column":51}},"34":{"start":{"line":66,"column":4},"end":{"line":66,"column":79}},"35":{"start":{"line":70,"column":4},"end":{"line":70,"column":50}},"36":{"start":{"line":75,"column":0},"end":{"line":75,"column":27}}},"fnMap":{"0":{"name":"_interopRequireDefault","decl":{"start":{"line":14,"column":9},"end":{"line":14,"column":31}},"loc":{"start":{"line":14,"column":37},"end":{"line":14,"column":95}},"line":14},"1":{"name":"(anonymous_1)","decl":{"start":{"line":17,"column":2},"end":{"line":17,"column":3}},"loc":{"start":{"line":17,"column":30},"end":{"line":20,"column":3}},"line":17},"2":{"name":"(anonymous_2)","decl":{"start":{"line":22,"column":2},"end":{"line":22,"column":3}},"loc":{"start":{"line":22,"column":16},"end":{"line":32,"column":3}},"line":22},"3":{"name":"(anonymous_3)","decl":{"start":{"line":34,"column":2},"end":{"line":34,"column":3}},"loc":{"start":{"line":34,"column":16},"end":{"line":39,"column":3}},"line":34},"4":{"name":"(anonymous_4)","decl":{"start":{"line":41,"column":2},"end":{"line":41,"column":3}},"loc":{"start":{"line":41,"column":17},"end":{"line":45,"column":3}},"line":41},"5":{"name":"(anonymous_5)","decl":{"start":{"line":47,"column":2},"end":{"line":47,"column":3}},"loc":{"start":{"line":47,"column":15},"end":{"line":59,"column":3}},"line":47},"6":{"name":"(anonymous_6)","decl":{"start":{"line":61,"column":2},"end":{"line":61,"column":3}},"loc":{"start":{"line":61,"column":17},"end":{"line":67,"column":3}},"line":61},"7":{"name":"(anonymous_7)","decl":{"start":{"line":65,"column":33},"end":{"line":65,"column":34}},"loc":{"start":{"line":65,"column":41},"end":{"line":65,"column":51}},"line":65},"8":{"name":"(anonymous_8)","decl":{"start":{"line":69,"column":2},"end":{"line":69,"column":3}},"loc":{"start":{"line":69,"column":10},"end":{"line":71,"column":3}},"line":69}},"branchMap":{"0":{"loc":{"start":{"line":14,"column":46},"end":{"line":14,"column":92}},"type":"cond-expr","locations":[{"start":{"line":14,"column":70},"end":{"line":14,"column":73}},{"start":{"line":14,"column":76},"end":{"line":14,"column":92}}],"line":14},"1":{"loc":{"start":{"line":14,"column":46},"end":{"line":14,"column":67}},"type":"binary-expr","locations":[{"start":{"line":14,"column":46},"end":{"line":14,"column":49}},{"start":{"line":14,"column":53},"end":{"line":14,"column":67}}],"line":14},"2":{"loc":{"start":{"line":28,"column":4},"end":{"line":31,"column":5}},"type":"if","locations":[{"start":{"line":28,"column":4},"end":{"line":31,"column":5}},{"start":{"line":28,"column":4},"end":{"line":31,"column":5}}],"line":28},"3":{"loc":{"start":{"line":42,"column":4},"end":{"line":44,"column":5}},"type":"if","locations":[{"start":{"line":42,"column":4},"end":{"line":44,"column":5}},{"start":{"line":42,"column":4},"end":{"line":44,"column":5}}],"line":42},"4":{"loc":{"start":{"line":51,"column":4},"end":{"line":58,"column":5}},"type":"if","locations":[{"start":{"line":51,"column":4},"end":{"line":58,"column":5}},{"start":{"line":51,"column":4},"end":{"line":58,"column":5}}],"line":51}},"s":{"0":1,"1":1,"2":1,"3":1,"4":1,"5":3,"6":9,"7":5,"8":8,"9":8,"10":8,"11":8,"12":8,"13":2,"14":2,"15":3,"16":3,"17":2,"18":2,"19":3,"20":1,"21":4,"22":4,"23":4,"24":2,"25":2,"26":2,"27":2,"28":2,"29":2,"30":2,"31":2,"32":2,"33":4,"34":2,"35":1,"36":1},"f":{"0":3,"1":9,"2":8,"3":3,"4":3,"5":4,"6":2,"7":4,"8":1},"b":{"0":[3,0],"1":[3,3],"2":[2,6],"3":[1,2],"4":[2,2]},"_coverageSchema":"43e27e138ebf9cfc5966b082cf9a028302ed4184","hash":"d8bf6a4a3bf1ddbadfd456c341666e26432ad8f4","contentHash":"ba353f4f09604d4f1126991d194a0f096ddc9f1b5ef822e322ed635fe5ff6634"},"/Users/jared.barnes/Documents/clarity-cursor/lib/patterns/value/ValuePatterns.js":{"path":"/Users/jared.barnes/Documents/clarity-cursor/lib/patterns/value/ValuePatterns.js","statementMap":{"0":{"start":{"line":3,"column":0},"end":{"line":5,"column":3}},"1":{"start":{"line":6,"column":0},"end":{"line":6,"column":25}},"2":{"start":{"line":8,"column":20},"end":{"line":8,"column":72}},"3":{"start":{"line":10,"column":39},"end":{"line":10,"column":93}},"4":{"start":{"line":14,"column":4},"end":{"line":14,"column":12}},"5":{"start":{"line":15,"column":4},"end":{"line":15,"column":21}},"6":{"start":{"line":16,"column":4},"end":{"line":16,"column":29}},"7":{"start":{"line":17,"column":4},"end":{"line":17,"column":27}},"8":{"start":{"line":18,"column":4},"end":{"line":18,"column":25}},"9":{"start":{"line":22,"column":4},"end":{"line":24,"column":5}},"10":{"start":{"line":23,"column":6},"end":{"line":23,"column":104}},"11":{"start":{"line":26,"column":27},"end":{"line":26,"column":99}},"12":{"start":{"line":26,"column":58},"end":{"line":26,"column":98}},"13":{"start":{"line":28,"column":4},"end":{"line":30,"column":5}},"14":{"start":{"line":29,"column":6},"end":{"line":29,"column":96}},"15":{"start":{"line":32,"column":4},"end":{"line":34,"column":5}},"16":{"start":{"line":33,"column":6},"end":{"line":33,"column":94}},"17":{"start":{"line":36,"column":4},"end":{"line":38,"column":5}},"18":{"start":{"line":37,"column":6},"end":{"line":37,"column":89}},"19":{"start":{"line":43,"column":4},"end":{"line":43,"column":66}},"20":{"start":{"line":43,"column":49},"end":{"line":43,"column":64}},"21":{"start":{"line":47,"column":4},"end":{"line":47,"column":19}},"22":{"start":{"line":51,"column":4},"end":{"line":51,"column":21}},"23":{"start":{"line":55,"column":4},"end":{"line":55,"column":16}},"24":{"start":{"line":59,"column":4},"end":{"line":59,"column":25}},"25":{"start":{"line":63,"column":4},"end":{"line":63,"column":43}},"26":{"start":{"line":68,"column":0},"end":{"line":68,"column":32}}},"fnMap":{"0":{"name":"_interopRequireDefault","decl":{"start":{"line":10,"column":9},"end":{"line":10,"column":31}},"loc":{"start":{"line":10,"column":37},"end":{"line":10,"column":95}},"line":10},"1":{"name":"(anonymous_1)","decl":{"start":{"line":13,"column":2},"end":{"line":13,"column":3}},"loc":{"start":{"line":13,"column":30},"end":{"line":19,"column":3}},"line":13},"2":{"name":"(anonymous_2)","decl":{"start":{"line":21,"column":2},"end":{"line":21,"column":3}},"loc":{"start":{"line":21,"column":20},"end":{"line":39,"column":3}},"line":21},"3":{"name":"(anonymous_3)","decl":{"start":{"line":26,"column":47},"end":{"line":26,"column":48}},"loc":{"start":{"line":26,"column":58},"end":{"line":26,"column":98}},"line":26},"4":{"name":"(anonymous_4)","decl":{"start":{"line":41,"column":2},"end":{"line":41,"column":3}},"loc":{"start":{"line":41,"column":18},"end":{"line":44,"column":3}},"line":41},"5":{"name":"(anonymous_5)","decl":{"start":{"line":43,"column":38},"end":{"line":43,"column":39}},"loc":{"start":{"line":43,"column":49},"end":{"line":43,"column":64}},"line":43},"6":{"name":"(anonymous_6)","decl":{"start":{"line":46,"column":2},"end":{"line":46,"column":3}},"loc":{"start":{"line":46,"column":12},"end":{"line":48,"column":3}},"line":46},"7":{"name":"(anonymous_7)","decl":{"start":{"line":50,"column":2},"end":{"line":50,"column":3}},"loc":{"start":{"line":50,"column":12},"end":{"line":52,"column":3}},"line":50},"8":{"name":"(anonymous_8)","decl":{"start":{"line":54,"column":2},"end":{"line":54,"column":3}},"loc":{"start":{"line":54,"column":13},"end":{"line":56,"column":3}},"line":54},"9":{"name":"(anonymous_9)","decl":{"start":{"line":58,"column":2},"end":{"line":58,"column":3}},"loc":{"start":{"line":58,"column":16},"end":{"line":60,"column":3}},"line":58},"10":{"name":"(anonymous_10)","decl":{"start":{"line":62,"column":2},"end":{"line":62,"column":3}},"loc":{"start":{"line":62,"column":10},"end":{"line":64,"column":3}},"line":62}},"branchMap":{"0":{"loc":{"start":{"line":10,"column":46},"end":{"line":10,"column":92}},"type":"cond-expr","locations":[{"start":{"line":10,"column":70},"end":{"line":10,"column":73}},{"start":{"line":10,"column":76},"end":{"line":10,"column":92}}],"line":10},"1":{"loc":{"start":{"line":10,"column":46},"end":{"line":10,"column":67}},"type":"binary-expr","locations":[{"start":{"line":10,"column":46},"end":{"line":10,"column":49}},{"start":{"line":10,"column":53},"end":{"line":10,"column":67}}],"line":10},"2":{"loc":{"start":{"line":22,"column":4},"end":{"line":24,"column":5}},"type":"if","locations":[{"start":{"line":22,"column":4},"end":{"line":24,"column":5}},{"start":{"line":22,"column":4},"end":{"line":24,"column":5}}],"line":22},"3":{"loc":{"start":{"line":28,"column":4},"end":{"line":30,"column":5}},"type":"if","locations":[{"start":{"line":28,"column":4},"end":{"line":30,"column":5}},{"start":{"line":28,"column":4},"end":{"line":30,"column":5}}],"line":28},"4":{"loc":{"start":{"line":32,"column":4},"end":{"line":34,"column":5}},"type":"if","locations":[{"start":{"line":32,"column":4},"end":{"line":34,"column":5}},{"start":{"line":32,"column":4},"end":{"line":34,"column":5}}],"line":32},"5":{"loc":{"start":{"line":36,"column":4},"end":{"line":38,"column":5}},"type":"if","locations":[{"start":{"line":36,"column":4},"end":{"line":38,"column":5}},{"start":{"line":36,"column":4},"end":{"line":38,"column":5}}],"line":36}},"s":{"0":1,"1":1,"2":1,"3":1,"4":25,"5":25,"6":25,"7":25,"8":14,"9":25,"10":5,"11":20,"12":33,"13":20,"14":3,"15":17,"16":2,"17":15,"18":1,"19":14,"20":28,"21":2,"22":4,"23":4,"24":4,"25":1,"26":1},"f":{"0":1,"1":25,"2":25,"3":33,"4":14,"5":28,"6":2,"7":4,"8":4,"9":4,"10":1},"b":{"0":[1,0],"1":[1,1],"2":[5,20],"3":[3,17],"4":[2,15],"5":[1,14]},"_coverageSchema":"43e27e138ebf9cfc5966b082cf9a028302ed4184","hash":"8f633186124b7261406b1802a5e07f1004ea2adf","contentHash":"cd7caf0e615ccb353f4645cb4939995656b31df145abfa5d6c30384dcceb247c"},"/Users/jared.barnes/Documents/clarity-cursor/lib/patterns/value/ValuePattern.js":{"path":"/Users/jared.barnes/Documents/clarity-cursor/lib/patterns/value/ValuePattern.js","statementMap":{"0":{"start":{"line":3,"column":0},"end":{"line":5,"column":3}},"1":{"start":{"line":6,"column":0},"end":{"line":6,"column":25}},"2":{"start":{"line":8,"column":15},"end":{"line":8,"column":63}},"3":{"start":{"line":10,"column":39},"end":{"line":10,"column":93}},"4":{"start":{"line":14,"column":4},"end":{"line":14,"column":19}},"5":{"start":{"line":18,"column":4},"end":{"line":18,"column":16}},"6":{"start":{"line":22,"column":4},"end":{"line":22,"column":47}},"7":{"start":{"line":27,"column":0},"end":{"line":27,"column":31}}},"fnMap":{"0":{"name":"_interopRequireDefault","decl":{"start":{"line":10,"column":9},"end":{"line":10,"column":31}},"loc":{"start":{"line":10,"column":37},"end":{"line":10,"column":95}},"line":10},"1":{"name":"(anonymous_1)","decl":{"start":{"line":13,"column":2},"end":{"line":13,"column":3}},"loc":{"start":{"line":13,"column":12},"end":{"line":15,"column":3}},"line":13},"2":{"name":"(anonymous_2)","decl":{"start":{"line":17,"column":2},"end":{"line":17,"column":3}},"loc":{"start":{"line":17,"column":16},"end":{"line":19,"column":3}},"line":17},"3":{"name":"(anonymous_3)","decl":{"start":{"line":21,"column":2},"end":{"line":21,"column":3}},"loc":{"start":{"line":21,"column":13},"end":{"line":23,"column":3}},"line":21}},"branchMap":{"0":{"loc":{"start":{"line":10,"column":46},"end":{"line":10,"column":92}},"type":"cond-expr","locations":[{"start":{"line":10,"column":70},"end":{"line":10,"column":73}},{"start":{"line":10,"column":76},"end":{"line":10,"column":92}}],"line":10},"1":{"loc":{"start":{"line":10,"column":46},"end":{"line":10,"column":67}},"type":"binary-expr","locations":[{"start":{"line":10,"column":46},"end":{"line":10,"column":49}},{"start":{"line":10,"column":53},"end":{"line":10,"column":67}}],"line":10}},"s":{"0":1,"1":1,"2":1,"3":1,"4":4,"5":4,"6":1,"7":1},"f":{"0":1,"1":4,"2":4,"3":1},"b":{"0":[1,0],"1":[1,1]},"_coverageSchema":"43e27e138ebf9cfc5966b082cf9a028302ed4184","hash":"56708f3fcb116bde4f6d993c0d543104be0e910a","contentHash":"b5f5a5f41524114c48beb4ba6dad99d39b2b42287e7039b32b230f59b48b2d46"},"/Users/jared.barnes/Documents/clarity-cursor/lib/patterns/Pattern.js":{"path":"/Users/jared.barnes/Documents/clarity-cursor/lib/patterns/Pattern.js","statementMap":{"0":{"start":{"line":3,"column":0},"end":{"line":5,"column":3}},"1":{"start":{"line":6,"column":0},"end":{"line":6,"column":25}},"2":{"start":{"line":10,"column":4},"end":{"line":10,"column":46}},"3":{"start":{"line":14,"column":4},"end":{"line":14,"column":46}},"4":{"start":{"line":18,"column":4},"end":{"line":18,"column":46}},"5":{"start":{"line":22,"column":4},"end":{"line":22,"column":46}},"6":{"start":{"line":26,"column":4},"end":{"line":26,"column":46}},"7":{"start":{"line":31,"column":0},"end":{"line":31,"column":26}}},"fnMap":{"0":{"name":"(anonymous_0)","decl":{"start":{"line":9,"column":2},"end":{"line":9,"column":3}},"loc":{"start":{"line":9,"column":10},"end":{"line":11,"column":3}},"line":9},"1":{"name":"(anonymous_1)","decl":{"start":{"line":13,"column":2},"end":{"line":13,"column":3}},"loc":{"start":{"line":13,"column":12},"end":{"line":15,"column":3}},"line":13},"2":{"name":"(anonymous_2)","decl":{"start":{"line":17,"column":2},"end":{"line":17,"column":3}},"loc":{"start":{"line":17,"column":12},"end":{"line":19,"column":3}},"line":17},"3":{"name":"(anonymous_3)","decl":{"start":{"line":21,"column":2},"end":{"line":21,"column":3}},"loc":{"start":{"line":21,"column":10},"end":{"line":23,"column":3}},"line":21},"4":{"name":"(anonymous_4)","decl":{"start":{"line":25,"column":2},"end":{"line":25,"column":3}},"loc":{"start":{"line":25,"column":16},"end":{"line":27,"column":3}},"line":25}},"branchMap":{},"s":{"0":1,"1":1,"2":1,"3":1,"4":1,"5":1,"6":1,"7":1},"f":{"0":1,"1":1,"2":1,"3":1,"4":1},"b":{},"_coverageSchema":"43e27e138ebf9cfc5966b082cf9a028302ed4184","hash":"7d513a950c8e3debe9cf29b9d35a75f7429cd605","contentHash":"96910796d387e49fc42f9665c7e1fe0a3a0f1c4bcb47d68258269825a3cac2e3"},"/Users/jared.barnes/Documents/clarity-cursor/lib/ast/ValueNode.js":{"path":"/Users/jared.barnes/Documents/clarity-cursor/lib/ast/ValueNode.js","statementMap":{"0":{"start":{"line":3,"column":0},"end":{"line":5,"column":3}},"1":{"start":{"line":6,"column":0},"end":{"line":6,"column":25}},"2":{"start":{"line":8,"column":12},"end":{"line":8,"column":56}},"3":{"start":{"line":10,"column":39},"end":{"line":10,"column":93}},"4":{"start":{"line":14,"column":4},"end":{"line":14,"column":38}},"5":{"start":{"line":15,"column":4},"end":{"line":15,"column":23}},"6":{"start":{"line":19,"column":4},"end":{"line":19,"column":80}},"7":{"start":{"line":24,"column":0},"end":{"line":24,"column":28}}},"fnMap":{"0":{"name":"_interopRequireDefault","decl":{"start":{"line":10,"column":9},"end":{"line":10,"column":31}},"loc":{"start":{"line":10,"column":37},"end":{"line":10,"column":95}},"line":10},"1":{"name":"(anonymous_1)","decl":{"start":{"line":13,"column":2},"end":{"line":13,"column":3}},"loc":{"start":{"line":13,"column":57},"end":{"line":16,"column":3}},"line":13},"2":{"name":"(anonymous_2)","decl":{"start":{"line":18,"column":2},"end":{"line":18,"column":3}},"loc":{"start":{"line":18,"column":10},"end":{"line":20,"column":3}},"line":18}},"branchMap":{"0":{"loc":{"start":{"line":10,"column":46},"end":{"line":10,"column":92}},"type":"cond-expr","locations":[{"start":{"line":10,"column":70},"end":{"line":10,"column":73}},{"start":{"line":10,"column":76},"end":{"line":10,"column":92}}],"line":10},"1":{"loc":{"start":{"line":10,"column":46},"end":{"line":10,"column":67}},"type":"binary-expr","locations":[{"start":{"line":10,"column":46},"end":{"line":10,"column":49}},{"start":{"line":10,"column":53},"end":{"line":10,"column":67}}],"line":10},"2":{"loc":{"start":{"line":13,"column":27},"end":{"line":13,"column":41}},"type":"default-arg","locations":[{"start":{"line":13,"column":40},"end":{"line":13,"column":41}}],"line":13},"3":{"loc":{"start":{"line":13,"column":43},"end":{"line":13,"column":55}},"type":"default-arg","locations":[{"start":{"line":13,"column":54},"end":{"line":13,"column":55}}],"line":13}},"s":{"0":1,"1":1,"2":1,"3":1,"4":24,"5":24,"6":1,"7":1},"f":{"0":1,"1":24,"2":1},"b":{"0":[1,0],"1":[1,1],"2":[5],"3":[5]},"_coverageSchema":"43e27e138ebf9cfc5966b082cf9a028302ed4184","hash":"69da2cebe815fcaeff993832ce6da4c9523296d4","contentHash":"71d54a69b99b3cf3ee3825b8e2c38d3784e048172c7a65e4a6095054e44edbe6"},"/Users/jared.barnes/Documents/clarity-cursor/lib/ast/Node.js":{"path":"/Users/jared.barnes/Documents/clarity-cursor/lib/ast/Node.js","statementMap":{"0":{"start":{"line":3,"column":0},"end":{"line":5,"column":3}},"1":{"start":{"line":6,"column":0},"end":{"line":6,"column":25}},"2":{"start":{"line":10,"column":4},"end":{"line":10,"column":21}},"3":{"start":{"line":11,"column":4},"end":{"line":11,"column":33}},"4":{"start":{"line":12,"column":4},"end":{"line":12,"column":29}},"5":{"start":{"line":14,"column":4},"end":{"line":16,"column":5}},"6":{"start":{"line":15,"column":6},"end":{"line":15,"column":87}},"7":{"start":{"line":20,"column":4},"end":{"line":20,"column":93}},"8":{"start":{"line":25,"column":0},"end":{"line":25,"column":23}}},"fnMap":{"0":{"name":"(anonymous_0)","decl":{"start":{"line":9,"column":2},"end":{"line":9,"column":3}},"loc":{"start":{"line":9,"column":42},"end":{"line":17,"column":3}},"line":9},"1":{"name":"(anonymous_1)","decl":{"start":{"line":19,"column":2},"end":{"line":19,"column":3}},"loc":{"start":{"line":19,"column":10},"end":{"line":21,"column":3}},"line":19}},"branchMap":{"0":{"loc":{"start":{"line":14,"column":4},"end":{"line":16,"column":5}},"type":"if","locations":[{"start":{"line":14,"column":4},"end":{"line":16,"column":5}},{"start":{"line":14,"column":4},"end":{"line":16,"column":5}}],"line":14},"1":{"loc":{"start":{"line":14,"column":8},"end":{"line":14,"column":80}},"type":"binary-expr","locations":[{"start":{"line":14,"column":8},"end":{"line":14,"column":43}},{"start":{"line":14,"column":47},"end":{"line":14,"column":80}}],"line":14}},"s":{"0":1,"1":1,"2":27,"3":27,"4":27,"5":27,"6":2,"7":1,"8":1},"f":{"0":27,"1":1},"b":{"0":[2,25],"1":[27,26]},"_coverageSchema":"43e27e138ebf9cfc5966b082cf9a028302ed4184","hash":"1e668c44fe302b4f50a9502f340bc054f9cccec3","contentHash":"1236e25e12d8561b9958cb5276a09d5348476513c330bfff5c70b8109fca8848"},"/Users/jared.barnes/Documents/clarity-cursor/lib/Cursor.js":{"path":"/Users/jared.barnes/Documents/clarity-cursor/lib/Cursor.js","statementMap":{"0":{"start":{"line":3,"column":0},"end":{"line":5,"column":3}},"1":{"start":{"line":6,"column":0},"end":{"line":6,"column":25}},"2":{"start":{"line":8,"column":12},"end":{"line":8,"column":53}},"3":{"start":{"line":10,"column":39},"end":{"line":10,"column":93}},"4":{"start":{"line":14,"column":4},"end":{"line":14,"column":25}},"5":{"start":{"line":15,"column":4},"end":{"line":15,"column":19}},"6":{"start":{"line":16,"column":4},"end":{"line":16,"column":32}},"7":{"start":{"line":17,"column":4},"end":{"line":17,"column":26}},"8":{"start":{"line":21,"column":4},"end":{"line":23,"column":5}},"9":{"start":{"line":22,"column":6},"end":{"line":22,"column":107}},"10":{"start":{"line":27,"column":4},"end":{"line":27,"column":76}},"11":{"start":{"line":31,"column":4},"end":{"line":31,"column":47}},"12":{"start":{"line":35,"column":4},"end":{"line":35,"column":31}},"13":{"start":{"line":39,"column":4},"end":{"line":43,"column":5}},"14":{"start":{"line":40,"column":6},"end":{"line":40,"column":19}},"15":{"start":{"line":42,"column":6},"end":{"line":42,"column":58}},"16":{"start":{"line":47,"column":4},"end":{"line":51,"column":5}},"17":{"start":{"line":48,"column":6},"end":{"line":48,"column":19}},"18":{"start":{"line":50,"column":6},"end":{"line":50,"column":58}},"19":{"start":{"line":55,"column":4},"end":{"line":55,"column":53}},"20":{"start":{"line":59,"column":4},"end":{"line":64,"column":5}},"21":{"start":{"line":60,"column":6},"end":{"line":60,"column":30}},"22":{"start":{"line":61,"column":6},"end":{"line":61,"column":18}},"23":{"start":{"line":63,"column":6},"end":{"line":63,"column":112}},"24":{"start":{"line":68,"column":4},"end":{"line":68,"column":19}},"25":{"start":{"line":72,"column":4},"end":{"line":72,"column":40}},"26":{"start":{"line":76,"column":4},"end":{"line":76,"column":42}},"27":{"start":{"line":80,"column":4},"end":{"line":80,"column":22}},"28":{"start":{"line":84,"column":4},"end":{"line":86,"column":5}},"29":{"start":{"line":85,"column":6},"end":{"line":85,"column":25}},"30":{"start":{"line":90,"column":4},"end":{"line":90,"column":28}},"31":{"start":{"line":94,"column":4},"end":{"line":94,"column":49}},"32":{"start":{"line":98,"column":4},"end":{"line":98,"column":27}},"33":{"start":{"line":103,"column":0},"end":{"line":103,"column":25}}},"fnMap":{"0":{"name":"_interopRequireDefault","decl":{"start":{"line":10,"column":9},"end":{"line":10,"column":31}},"loc":{"start":{"line":10,"column":37},"end":{"line":10,"column":95}},"line":10},"1":{"name":"(anonymous_1)","decl":{"start":{"line":13,"column":2},"end":{"line":13,"column":3}},"loc":{"start":{"line":13,"column":22},"end":{"line":18,"column":3}},"line":13},"2":{"name":"(anonymous_2)","decl":{"start":{"line":20,"column":2},"end":{"line":20,"column":3}},"loc":{"start":{"line":20,"column":19},"end":{"line":24,"column":3}},"line":20},"3":{"name":"(anonymous_3)","decl":{"start":{"line":26,"column":2},"end":{"line":26,"column":3}},"loc":{"start":{"line":26,"column":23},"end":{"line":28,"column":3}},"line":26},"4":{"name":"(anonymous_4)","decl":{"start":{"line":30,"column":2},"end":{"line":30,"column":3}},"loc":{"start":{"line":30,"column":12},"end":{"line":32,"column":3}},"line":30},"5":{"name":"(anonymous_5)","decl":{"start":{"line":34,"column":2},"end":{"line":34,"column":3}},"loc":{"start":{"line":34,"column":16},"end":{"line":36,"column":3}},"line":34},"6":{"name":"(anonymous_6)","decl":{"start":{"line":38,"column":2},"end":{"line":38,"column":3}},"loc":{"start":{"line":38,"column":9},"end":{"line":44,"column":3}},"line":38},"7":{"name":"(anonymous_7)","decl":{"start":{"line":46,"column":2},"end":{"line":46,"column":3}},"loc":{"start":{"line":46,"column":13},"end":{"line":52,"column":3}},"line":46},"8":{"name":"(anonymous_8)","decl":{"start":{"line":54,"column":2},"end":{"line":54,"column":3}},"loc":{"start":{"line":54,"column":13},"end":{"line":56,"column":3}},"line":54},"9":{"name":"(anonymous_9)","decl":{"start":{"line":58,"column":2},"end":{"line":58,"column":3}},"loc":{"start":{"line":58,"column":19},"end":{"line":65,"column":3}},"line":58},"10":{"name":"(anonymous_10)","decl":{"start":{"line":67,"column":2},"end":{"line":67,"column":3}},"loc":{"start":{"line":67,"column":20},"end":{"line":69,"column":3}},"line":67},"11":{"name":"(anonymous_11)","decl":{"start":{"line":71,"column":2},"end":{"line":71,"column":3}},"loc":{"start":{"line":71,"column":15},"end":{"line":73,"column":3}},"line":71},"12":{"name":"(anonymous_12)","decl":{"start":{"line":75,"column":2},"end":{"line":75,"column":3}},"loc":{"start":{"line":75,"column":12},"end":{"line":77,"column":3}},"line":75},"13":{"name":"(anonymous_13)","decl":{"start":{"line":79,"column":2},"end":{"line":79,"column":3}},"loc":{"start":{"line":79,"column":13},"end":{"line":81,"column":3}},"line":79},"14":{"name":"(anonymous_14)","decl":{"start":{"line":83,"column":2},"end":{"line":83,"column":3}},"loc":{"start":{"line":83,"column":18},"end":{"line":87,"column":3}},"line":83},"15":{"name":"(anonymous_15)","decl":{"start":{"line":89,"column":2},"end":{"line":89,"column":3}},"loc":{"start":{"line":89,"column":18},"end":{"line":91,"column":3}},"line":89},"16":{"name":"(anonymous_16)","decl":{"start":{"line":93,"column":2},"end":{"line":93,"column":3}},"loc":{"start":{"line":93,"column":12},"end":{"line":95,"column":3}},"line":93},"17":{"name":"(anonymous_17)","decl":{"start":{"line":97,"column":2},"end":{"line":97,"column":3}},"loc":{"start":{"line":97,"column":14},"end":{"line":99,"column":3}},"line":97}},"branchMap":{"0":{"loc":{"start":{"line":10,"column":46},"end":{"line":10,"column":92}},"type":"cond-expr","locations":[{"start":{"line":10,"column":70},"end":{"line":10,"column":73}},{"start":{"line":10,"column":76},"end":{"line":10,"column":92}}],"line":10},"1":{"loc":{"start":{"line":10,"column":46},"end":{"line":10,"column":67}},"type":"binary-expr","locations":[{"start":{"line":10,"column":46},"end":{"line":10,"column":49}},{"start":{"line":10,"column":53},"end":{"line":10,"column":67}}],"line":10},"2":{"loc":{"start":{"line":21,"column":4},"end":{"line":23,"column":5}},"type":"if","locations":[{"start":{"line":21,"column":4},"end":{"line":23,"column":5}},{"start":{"line":21,"column":4},"end":{"line":23,"column":5}}],"line":21},"3":{"loc":{"start":{"line":27,"column":11},"end":{"line":27,"column":75}},"type":"binary-expr","locations":[{"start":{"line":27,"column":11},"end":{"line":27,"column":24}},{"start":{"line":27,"column":28},"end":{"line":27,"column":53}},{"start":{"line":27,"column":57},"end":{"line":27,"column":75}}],"line":27},"4":{"loc":{"start":{"line":39,"column":4},"end":{"line":43,"column":5}},"type":"if","locations":[{"start":{"line":39,"column":4},"end":{"line":43,"column":5}},{"start":{"line":39,"column":4},"end":{"line":43,"column":5}}],"line":39},"5":{"loc":{"start":{"line":47,"column":4},"end":{"line":51,"column":5}},"type":"if","locations":[{"start":{"line":47,"column":4},"end":{"line":51,"column":5}},{"start":{"line":47,"column":4},"end":{"line":51,"column":5}}],"line":47},"6":{"loc":{"start":{"line":59,"column":4},"end":{"line":64,"column":5}},"type":"if","locations":[{"start":{"line":59,"column":4},"end":{"line":64,"column":5}},{"start":{"line":59,"column":4},"end":{"line":64,"column":5}}],"line":59},"7":{"loc":{"start":{"line":59,"column":8},"end":{"line":59,"column":61}},"type":"binary-expr","locations":[{"start":{"line":59,"column":8},"end":{"line":59,"column":37}},{"start":{"line":59,"column":41},"end":{"line":59,"column":61}}],"line":59},"8":{"loc":{"start":{"line":84,"column":4},"end":{"line":86,"column":5}},"type":"if","locations":[{"start":{"line":84,"column":4},"end":{"line":86,"column":5}},{"start":{"line":84,"column":4},"end":{"line":86,"column":5}}],"line":84}},"s":{"0":1,"1":1,"2":1,"3":1,"4":18,"5":18,"6":18,"7":18,"8":18,"9":0,"10":18,"11":68,"12":0,"13":29,"14":29,"15":0,"16":0,"17":0,"18":0,"19":36,"20":6,"21":6,"22":6,"23":0,"24":0,"25":0,"26":107,"27":22,"28":2,"29":2,"30":0,"31":4,"32":0,"33":1},"f":{"0":1,"1":18,"2":18,"3":18,"4":68,"5":0,"6":29,"7":0,"8":36,"9":6,"10":0,"11":0,"12":107,"13":22,"14":2,"15":0,"16":4,"17":0},"b":{"0":[1,0],"1":[1,1],"2":[0,18],"3":[18,18,18],"4":[29,0],"5":[0,0],"6":[6,0],"7":[6,6],"8":[2,0]},"_coverageSchema":"43e27e138ebf9cfc5966b082cf9a028302ed4184","hash":"791ad03f6fbd4b6ab50494c59a099c11719bf67a","contentHash":"7d5ca82bb55aa56f5f9dcc05675ae50965dc55e8b65c4a73163fc9c4f6fd845a"},"/Users/jared.barnes/Documents/clarity-cursor/lib/Mark.js":{"path":"/Users/jared.barnes/Documents/clarity-cursor/lib/Mark.js","statementMap":{"0":{"start":{"line":3,"column":0},"end":{"line":5,"column":3}},"1":{"start":{"line":6,"column":0},"end":{"line":6,"column":25}},"2":{"start":{"line":10,"column":4},"end":{"line":10,"column":21}},"3":{"start":{"line":11,"column":4},"end":{"line":11,"column":25}},"4":{"start":{"line":12,"column":4},"end":{"line":12,"column":23}},"5":{"start":{"line":17,"column":0},"end":{"line":17,"column":23}}},"fnMap":{"0":{"name":"(anonymous_0)","decl":{"start":{"line":9,"column":2},"end":{"line":9,"column":3}},"loc":{"start":{"line":9,"column":35},"end":{"line":13,"column":3}},"line":9}},"branchMap":{},"s":{"0":1,"1":1,"2":36,"3":36,"4":36,"5":1},"f":{"0":36},"b":{},"_coverageSchema":"43e27e138ebf9cfc5966b082cf9a028302ed4184","hash":"e630a63d322dfc51a25f8452162caa724fcc32e2","contentHash":"e2ad3ffcfbfefcc4a2da9eba58f7d2e715b98424bf273f8bd654d23ebed4fe31"},"/Users/jared.barnes/Documents/clarity-cursor/lib/patterns/value/Literal.js":{"path":"/Users/jared.barnes/Documents/clarity-cursor/lib/patterns/value/Literal.js","statementMap":{"0":{"start":{"line":3,"column":0},"end":{"line":5,"column":3}},"1":{"start":{"line":6,"column":0},"end":{"line":6,"column":25}},"2":{"start":{"line":8,"column":18},"end":{"line":8,"column":69}},"3":{"start":{"line":10,"column":14},"end":{"line":10,"column":64}},"4":{"start":{"line":12,"column":17},"end":{"line":12,"column":74}},"5":{"start":{"line":14,"column":20},"end":{"line":14,"column":72}},"6":{"start":{"line":16,"column":39},"end":{"line":16,"column":93}},"7":{"start":{"line":20,"column":4},"end":{"line":20,"column":12}},"8":{"start":{"line":21,"column":4},"end":{"line":21,"column":21}},"9":{"start":{"line":22,"column":4},"end":{"line":22,"column":33}},"10":{"start":{"line":23,"column":4},"end":{"line":23,"column":21}},"11":{"start":{"line":24,"column":4},"end":{"line":24,"column":27}},"12":{"start":{"line":28,"column":4},"end":{"line":30,"column":5}},"13":{"start":{"line":29,"column":6},"end":{"line":29,"column":75}},"14":{"start":{"line":32,"column":4},"end":{"line":34,"column":5}},"15":{"start":{"line":33,"column":6},"end":{"line":33,"column":107}},"16":{"start":{"line":36,"column":4},"end":{"line":38,"column":5}},"17":{"start":{"line":37,"column":6},"end":{"line":37,"column":112}},"18":{"start":{"line":42,"column":4},"end":{"line":42,"column":21}},"19":{"start":{"line":46,"column":4},"end":{"line":46,"column":23}},"20":{"start":{"line":47,"column":4},"end":{"line":47,"column":24}},"21":{"start":{"line":48,"column":4},"end":{"line":48,"column":20}},"22":{"start":{"line":49,"column":4},"end":{"line":49,"column":21}},"23":{"start":{"line":53,"column":4},"end":{"line":59,"column":5}},"24":{"start":{"line":54,"column":6},"end":{"line":54,"column":27}},"25":{"start":{"line":55,"column":6},"end":{"line":55,"column":37}},"26":{"start":{"line":57,"column":6},"end":{"line":57,"column":25}},"27":{"start":{"line":58,"column":6},"end":{"line":58,"column":23}},"28":{"start":{"line":61,"column":4},"end":{"line":61,"column":19}},"29":{"start":{"line":62,"column":4},"end":{"line":62,"column":20}},"30":{"start":{"line":63,"column":4},"end":{"line":63,"column":21}},"31":{"start":{"line":67,"column":4},"end":{"line":69,"column":5}},"32":{"start":{"line":68,"column":6},"end":{"line":68,"column":63}},"33":{"start":{"line":73,"column":4},"end":{"line":77,"column":5}},"34":{"start":{"line":74,"column":6},"end":{"line":74,"column":35}},"35":{"start":{"line":76,"column":6},"end":{"line":76,"column":26}},"36":{"start":{"line":81,"column":4},"end":{"line":81,"column":69}},"37":{"start":{"line":85,"column":4},"end":{"line":85,"column":21}},"38":{"start":{"line":87,"column":4},"end":{"line":93,"column":5}},"39":{"start":{"line":88,"column":6},"end":{"line":88,"column":107}},"40":{"start":{"line":89,"column":6},"end":{"line":89,"column":28}},"41":{"start":{"line":91,"column":6},"end":{"line":91,"column":28}},"42":{"start":{"line":92,"column":6},"end":{"line":92,"column":22}},"43":{"start":{"line":97,"column":4},"end":{"line":97,"column":40}},"44":{"start":{"line":101,"column":4},"end":{"line":101,"column":39}},"45":{"start":{"line":105,"column":4},"end":{"line":108,"column":5}},"46":{"start":{"line":106,"column":6},"end":{"line":106,"column":25}},"47":{"start":{"line":107,"column":6},"end":{"line":107,"column":19}},"48":{"start":{"line":112,"column":20},"end":{"line":112,"column":150}},"49":{"start":{"line":113,"column":4},"end":{"line":113,"column":73}},"50":{"start":{"line":117,"column":4},"end":{"line":117,"column":48}},"51":{"start":{"line":121,"column":4},"end":{"line":121,"column":24}},"52":{"start":{"line":126,"column":0},"end":{"line":126,"column":26}}},"fnMap":{"0":{"name":"_interopRequireDefault","decl":{"start":{"line":16,"column":9},"end":{"line":16,"column":31}},"loc":{"start":{"line":16,"column":37},"end":{"line":16,"column":95}},"line":16},"1":{"name":"(anonymous_1)","decl":{"start":{"line":19,"column":2},"end":{"line":19,"column":3}},"loc":{"start":{"line":19,"column":35},"end":{"line":25,"column":3}},"line":19},"2":{"name":"(anonymous_2)","decl":{"start":{"line":27,"column":2},"end":{"line":27,"column":3}},"loc":{"start":{"line":27,"column":20},"end":{"line":39,"column":3}},"line":27},"3":{"name":"(anonymous_3)","decl":{"start":{"line":41,"column":2},"end":{"line":41,"column":3}},"loc":{"start":{"line":41,"column":12},"end":{"line":43,"column":3}},"line":41},"4":{"name":"(anonymous_4)","decl":{"start":{"line":45,"column":2},"end":{"line":45,"column":3}},"loc":{"start":{"line":45,"column":16},"end":{"line":50,"column":3}},"line":45},"5":{"name":"(anonymous_5)","decl":{"start":{"line":52,"column":2},"end":{"line":52,"column":3}},"loc":{"start":{"line":52,"column":16},"end":{"line":64,"column":3}},"line":52},"6":{"name":"(anonymous_6)","decl":{"start":{"line":66,"column":2},"end":{"line":66,"column":3}},"loc":{"start":{"line":66,"column":17},"end":{"line":70,"column":3}},"line":66},"7":{"name":"(anonymous_7)","decl":{"start":{"line":72,"column":2},"end":{"line":72,"column":3}},"loc":{"start":{"line":72,"column":13},"end":{"line":78,"column":3}},"line":72},"8":{"name":"(anonymous_8)","decl":{"start":{"line":80,"column":2},"end":{"line":80,"column":3}},"loc":{"start":{"line":80,"column":23},"end":{"line":82,"column":3}},"line":80},"9":{"name":"(anonymous_9)","decl":{"start":{"line":84,"column":2},"end":{"line":84,"column":3}},"loc":{"start":{"line":84,"column":26},"end":{"line":94,"column":3}},"line":84},"10":{"name":"(anonymous_10)","decl":{"start":{"line":96,"column":2},"end":{"line":96,"column":3}},"loc":{"start":{"line":96,"column":14},"end":{"line":98,"column":3}},"line":96},"11":{"name":"(anonymous_11)","decl":{"start":{"line":100,"column":2},"end":{"line":100,"column":3}},"loc":{"start":{"line":100,"column":15},"end":{"line":102,"column":3}},"line":100},"12":{"name":"(anonymous_12)","decl":{"start":{"line":104,"column":2},"end":{"line":104,"column":3}},"loc":{"start":{"line":104,"column":19},"end":{"line":109,"column":3}},"line":104},"13":{"name":"(anonymous_13)","decl":{"start":{"line":111,"column":2},"end":{"line":111,"column":3}},"loc":{"start":{"line":111,"column":17},"end":{"line":114,"column":3}},"line":111},"14":{"name":"(anonymous_14)","decl":{"start":{"line":116,"column":2},"end":{"line":116,"column":3}},"loc":{"start":{"line":116,"column":10},"end":{"line":118,"column":3}},"line":116},"15":{"name":"(anonymous_15)","decl":{"start":{"line":120,"column":2},"end":{"line":120,"column":3}},"loc":{"start":{"line":120,"column":13},"end":{"line":122,"column":3}},"line":120}},"branchMap":{"0":{"loc":{"start":{"line":16,"column":46},"end":{"line":16,"column":92}},"type":"cond-expr","locations":[{"start":{"line":16,"column":70},"end":{"line":16,"column":73}},{"start":{"line":16,"column":76},"end":{"line":16,"column":92}}],"line":16},"1":{"loc":{"start":{"line":16,"column":46},"end":{"line":16,"column":67}},"type":"binary-expr","locations":[{"start":{"line":16,"column":46},"end":{"line":16,"column":49}},{"start":{"line":16,"column":53},"end":{"line":16,"column":67}}],"line":16},"2":{"loc":{"start":{"line":28,"column":4},"end":{"line":30,"column":5}},"type":"if","locations":[{"start":{"line":28,"column":4},"end":{"line":30,"column":5}},{"start":{"line":28,"column":4},"end":{"line":30,"column":5}}],"line":28},"3":{"loc":{"start":{"line":32,"column":4},"end":{"line":34,"column":5}},"type":"if","locations":[{"start":{"line":32,"column":4},"end":{"line":34,"column":5}},{"start":{"line":32,"column":4},"end":{"line":34,"column":5}}],"line":32},"4":{"loc":{"start":{"line":36,"column":4},"end":{"line":38,"column":5}},"type":"if","locations":[{"start":{"line":36,"column":4},"end":{"line":38,"column":5}},{"start":{"line":36,"column":4},"end":{"line":38,"column":5}}],"line":36},"5":{"loc":{"start":{"line":53,"column":4},"end":{"line":59,"column":5}},"type":"if","locations":[{"start":{"line":53,"column":4},"end":{"line":59,"column":5}},{"start":{"line":53,"column":4},"end":{"line":59,"column":5}}],"line":53},"6":{"loc":{"start":{"line":67,"column":4},"end":{"line":69,"column":5}},"type":"if","locations":[{"start":{"line":67,"column":4},"end":{"line":69,"column":5}},{"start":{"line":67,"column":4},"end":{"line":69,"column":5}}],"line":67},"7":{"loc":{"start":{"line":73,"column":4},"end":{"line":77,"column":5}},"type":"if","locations":[{"start":{"line":73,"column":4},"end":{"line":77,"column":5}},{"start":{"line":73,"column":4},"end":{"line":77,"column":5}}],"line":73},"8":{"loc":{"start":{"line":87,"column":4},"end":{"line":93,"column":5}},"type":"if","locations":[{"start":{"line":87,"column":4},"end":{"line":93,"column":5}},{"start":{"line":87,"column":4},"end":{"line":93,"column":5}}],"line":87},"9":{"loc":{"start":{"line":105,"column":4},"end":{"line":108,"column":5}},"type":"if","locations":[{"start":{"line":105,"column":4},"end":{"line":108,"column":5}},{"start":{"line":105,"column":4},"end":{"line":108,"column":5}}],"line":105}},"s":{"0":1,"1":1,"2":1,"3":1,"4":1,"5":1,"6":4,"7":48,"8":48,"9":48,"10":48,"11":48,"12":48,"13":1,"14":47,"15":4,"16":43,"17":1,"18":2,"19":12,"20":12,"21":11,"22":7,"23":60,"24":11,"25":11,"26":49,"27":49,"28":60,"29":60,"30":60,"31":12,"32":1,"33":35,"34":31,"35":4,"36":35,"37":31,"38":31,"39":7,"40":7,"41":24,"42":24,"43":31,"44":31,"45":31,"46":28,"47":28,"48":4,"49":4,"50":19,"51":2,"52":1},"f":{"0":4,"1":48,"2":48,"3":2,"4":12,"5":60,"6":12,"7":35,"8":35,"9":31,"10":31,"11":31,"12":31,"13":4,"14":19,"15":2},"b":{"0":[4,0],"1":[4,4],"2":[1,47],"3":[4,43],"4":[1,42],"5":[11,49],"6":[1,11],"7":[31,4],"8":[7,24],"9":[28,3]},"_coverageSchema":"43e27e138ebf9cfc5966b082cf9a028302ed4184","hash":"d62655a6bb40b71edfe9f8cde2e81cace19cc1a2","contentHash":"d7c9e0c933a2e43a81b75f9043c82addb34d6133dc804a498b2c93e0cd4c9d33"},"/Users/jared.barnes/Documents/clarity-cursor/lib/patterns/ParseError.js":{"path":"/Users/jared.barnes/Documents/clarity-cursor/lib/patterns/ParseError.js","statementMap":{"0":{"start":{"line":3,"column":0},"end":{"line":5,"column":3}},"1":{"start":{"line":6,"column":0},"end":{"line":6,"column":25}},"2":{"start":{"line":10,"column":4},"end":{"line":10,"column":19}},"3":{"start":{"line":11,"column":4},"end":{"line":11,"column":29}},"4":{"start":{"line":12,"column":4},"end":{"line":12,"column":23}},"5":{"start":{"line":13,"column":4},"end":{"line":13,"column":27}},"6":{"start":{"line":18,"column":0},"end":{"line":18,"column":29}}},"fnMap":{"0":{"name":"(anonymous_0)","decl":{"start":{"line":9,"column":2},"end":{"line":9,"column":3}},"loc":{"start":{"line":9,"column":39},"end":{"line":14,"column":3}},"line":9}},"branchMap":{},"s":{"0":1,"1":1,"2":11,"3":11,"4":11,"5":11,"6":1},"f":{"0":11},"b":{},"_coverageSchema":"43e27e138ebf9cfc5966b082cf9a028302ed4184","hash":"6cd1006bfb23b2e4a36b20ac10d4b58bf1a1b0f1","contentHash":"f0c3a92143b512ba7eef4bedbad1e0fb9d5236f219d711d730febd13b1f85b57"},"/Users/jared.barnes/Documents/clarity-cursor/lib/tests/AnyOfThese.js":{"path":"/Users/jared.barnes/Documents/clarity-cursor/lib/tests/AnyOfThese.js","statementMap":{"0":{"start":{"line":3,"column":18},"end":{"line":3,"column":84}},"1":{"start":{"line":5,"column":14},"end":{"line":5,"column":61}},"2":{"start":{"line":7,"column":14},"end":{"line":7,"column":55}},"3":{"start":{"line":9,"column":39},"end":{"line":9,"column":93}},"4":{"start":{"line":11,"column":0},"end":{"line":15,"column":2}},"5":{"start":{"line":12,"column":2},"end":{"line":14,"column":5}},"6":{"start":{"line":13,"column":4},"end":{"line":13,"column":30}},"7":{"start":{"line":17,"column":0},"end":{"line":21,"column":2}},"8":{"start":{"line":18,"column":2},"end":{"line":20,"column":5}},"9":{"start":{"line":19,"column":4},"end":{"line":19,"column":45}},"10":{"start":{"line":23,"column":0},"end":{"line":27,"column":2}},"11":{"start":{"line":24,"column":2},"end":{"line":26,"column":5}},"12":{"start":{"line":25,"column":4},"end":{"line":25,"column":49}},"13":{"start":{"line":29,"column":0},"end":{"line":45,"column":2}},"14":{"start":{"line":30,"column":21},"end":{"line":30,"column":65}},"15":{"start":{"line":31,"column":17},"end":{"line":31,"column":41}},"16":{"start":{"line":32,"column":15},"end":{"line":32,"column":39}},"17":{"start":{"line":34,"column":2},"end":{"line":34,"column":51}},"18":{"start":{"line":36,"column":2},"end":{"line":36,"column":41}},"19":{"start":{"line":38,"column":2},"end":{"line":38,"column":44}},"20":{"start":{"line":40,"column":2},"end":{"line":40,"column":42}},"21":{"start":{"line":42,"column":2},"end":{"line":42,"column":48}},"22":{"start":{"line":44,"column":2},"end":{"line":44,"column":47}},"23":{"start":{"line":47,"column":0},"end":{"line":77,"column":2}},"24":{"start":{"line":48,"column":18},"end":{"line":48,"column":59}},"25":{"start":{"line":49,"column":26},"end":{"line":49,"column":50}},"26":{"start":{"line":50,"column":26},"end":{"line":50,"column":50}},"27":{"start":{"line":51,"column":24},"end":{"line":51,"column":54}},"28":{"start":{"line":52,"column":24},"end":{"line":52,"column":54}},"29":{"start":{"line":54,"column":2},"end":{"line":54,"column":56}},"30":{"start":{"line":56,"column":2},"end":{"line":56,"column":50}},"31":{"start":{"line":58,"column":2},"end":{"line":58,"column":53}},"32":{"start":{"line":60,"column":2},"end":{"line":60,"column":51}},"33":{"start":{"line":62,"column":2},"end":{"line":62,"column":56}},"34":{"start":{"line":64,"column":2},"end":{"line":64,"column":50}},"35":{"start":{"line":66,"column":2},"end":{"line":66,"column":53}},"36":{"start":{"line":68,"column":2},"end":{"line":68,"column":51}},"37":{"start":{"line":70,"column":2},"end":{"line":70,"column":56}},"38":{"start":{"line":72,"column":2},"end":{"line":72,"column":57}},"39":{"start":{"line":74,"column":2},"end":{"line":74,"column":56}},"40":{"start":{"line":76,"column":2},"end":{"line":76,"column":57}},"41":{"start":{"line":79,"column":0},"end":{"line":91,"column":2}},"42":{"start":{"line":80,"column":18},"end":{"line":80,"column":59}},"43":{"start":{"line":81,"column":17},"end":{"line":81,"column":46}},"44":{"start":{"line":82,"column":15},"end":{"line":82,"column":36}},"45":{"start":{"line":84,"column":2},"end":{"line":84,"column":47}},"46":{"start":{"line":86,"column":2},"end":{"line":86,"column":41}},"47":{"start":{"line":88,"column":2},"end":{"line":88,"column":47}},"48":{"start":{"line":90,"column":2},"end":{"line":90,"column":46}},"49":{"start":{"line":93,"column":0},"end":{"line":100,"column":2}},"50":{"start":{"line":94,"column":18},"end":{"line":94,"column":59}},"51":{"start":{"line":95,"column":17},"end":{"line":95,"column":45}},"52":{"start":{"line":97,"column":2},"end":{"line":99,"column":5}},"53":{"start":{"line":98,"column":17},"end":{"line":98,"column":38}},"54":{"start":{"line":102,"column":0},"end":{"line":108,"column":2}},"55":{"start":{"line":103,"column":18},"end":{"line":103,"column":59}},"56":{"start":{"line":105,"column":2},"end":{"line":107,"column":5}},"57":{"start":{"line":106,"column":17},"end":{"line":106,"column":32}},"58":{"start":{"line":110,"column":0},"end":{"line":120,"column":2}},"59":{"start":{"line":111,"column":18},"end":{"line":111,"column":59}},"60":{"start":{"line":113,"column":2},"end":{"line":113,"column":55}},"61":{"start":{"line":115,"column":2},"end":{"line":115,"column":52}},"62":{"start":{"line":117,"column":2},"end":{"line":117,"column":50}},"63":{"start":{"line":119,"column":2},"end":{"line":119,"column":53}}},"fnMap":{"0":{"name":"_interopRequireDefault","decl":{"start":{"line":9,"column":9},"end":{"line":9,"column":31}},"loc":{"start":{"line":9,"column":37},"end":{"line":9,"column":95}},"line":9},"1":{"name":"(anonymous_1)","decl":{"start":{"line":11,"column":44},"end":{"line":11,"column":45}},"loc":{"start":{"line":11,"column":50},"end":{"line":15,"column":1}},"line":11},"2":{"name":"(anonymous_2)","decl":{"start":{"line":12,"column":25},"end":{"line":12,"column":26}},"loc":{"start":{"line":12,"column":31},"end":{"line":14,"column":3}},"line":12},"3":{"name":"(anonymous_3)","decl":{"start":{"line":17,"column":49},"end":{"line":17,"column":50}},"loc":{"start":{"line":17,"column":55},"end":{"line":21,"column":1}},"line":17},"4":{"name":"(anonymous_4)","decl":{"start":{"line":18,"column":25},"end":{"line":18,"column":26}},"loc":{"start":{"line":18,"column":31},"end":{"line":20,"column":3}},"line":18},"5":{"name":"(anonymous_5)","decl":{"start":{"line":23,"column":62},"end":{"line":23,"column":63}},"loc":{"start":{"line":23,"column":68},"end":{"line":27,"column":1}},"line":23},"6":{"name":"(anonymous_6)","decl":{"start":{"line":24,"column":25},"end":{"line":24,"column":26}},"loc":{"start":{"line":24,"column":31},"end":{"line":26,"column":3}},"line":24},"7":{"name":"(anonymous_7)","decl":{"start":{"line":29,"column":43},"end":{"line":29,"column":44}},"loc":{"start":{"line":29,"column":49},"end":{"line":45,"column":1}},"line":29},"8":{"name":"(anonymous_8)","decl":{"start":{"line":47,"column":54},"end":{"line":47,"column":55}},"loc":{"start":{"line":47,"column":60},"end":{"line":77,"column":1}},"line":47},"9":{"name":"(anonymous_9)","decl":{"start":{"line":79,"column":49},"end":{"line":79,"column":50}},"loc":{"start":{"line":79,"column":55},"end":{"line":91,"column":1}},"line":79},"10":{"name":"(anonymous_10)","decl":{"start":{"line":93,"column":35},"end":{"line":93,"column":36}},"loc":{"start":{"line":93,"column":41},"end":{"line":100,"column":1}},"line":93},"11":{"name":"(anonymous_11)","decl":{"start":{"line":97,"column":25},"end":{"line":97,"column":26}},"loc":{"start":{"line":97,"column":31},"end":{"line":99,"column":3}},"line":97},"12":{"name":"(anonymous_12)","decl":{"start":{"line":102,"column":37},"end":{"line":102,"column":38}},"loc":{"start":{"line":102,"column":43},"end":{"line":108,"column":1}},"line":102},"13":{"name":"(anonymous_13)","decl":{"start":{"line":105,"column":25},"end":{"line":105,"column":26}},"loc":{"start":{"line":105,"column":31},"end":{"line":107,"column":3}},"line":105},"14":{"name":"(anonymous_14)","decl":{"start":{"line":110,"column":42},"end":{"line":110,"column":43}},"loc":{"start":{"line":110,"column":48},"end":{"line":120,"column":1}},"line":110}},"branchMap":{"0":{"loc":{"start":{"line":9,"column":46},"end":{"line":9,"column":92}},"type":"cond-expr","locations":[{"start":{"line":9,"column":70},"end":{"line":9,"column":73}},{"start":{"line":9,"column":76},"end":{"line":9,"column":92}}],"line":9},"1":{"loc":{"start":{"line":9,"column":46},"end":{"line":9,"column":67}},"type":"binary-expr","locations":[{"start":{"line":9,"column":46},"end":{"line":9,"column":49}},{"start":{"line":9,"column":53},"end":{"line":9,"column":67}}],"line":9}},"s":{"0":1,"1":1,"2":1,"3":3,"4":1,"5":1,"6":1,"7":1,"8":1,"9":1,"10":1,"11":1,"12":1,"13":1,"14":1,"15":1,"16":1,"17":1,"18":1,"19":1,"20":1,"21":1,"22":1,"23":1,"24":1,"25":1,"26":1,"27":1,"28":1,"29":1,"30":1,"31":1,"32":1,"33":1,"34":1,"35":1,"36":1,"37":1,"38":1,"39":1,"40":1,"41":1,"42":1,"43":1,"44":1,"45":1,"46":1,"47":1,"48":1,"49":1,"50":1,"51":1,"52":1,"53":1,"54":1,"55":1,"56":1,"57":1,"58":1,"59":1,"60":1,"61":1,"62":1,"63":1},"f":{"0":3,"1":1,"2":1,"3":1,"4":1,"5":1,"6":1,"7":1,"8":1,"9":1,"10":1,"11":1,"12":1,"13":1,"14":1},"b":{"0":[2,1],"1":[3,3]},"_coverageSchema":"43e27e138ebf9cfc5966b082cf9a028302ed4184","hash":"aad04c3b6f8ab29a17c95f59c994301db34cc4f2","contentHash":"44085c8de0027bc6dab7c29a1e43f82fcd92f62c7dc26716acbe76bcabdcc01b"},"/Users/jared.barnes/Documents/clarity-cursor/lib/patterns/value/AnyOfThese.js":{"path":"/Users/jared.barnes/Documents/clarity-cursor/lib/patterns/value/AnyOfThese.js","statementMap":{"0":{"start":{"line":3,"column":0},"end":{"line":5,"column":3}},"1":{"start":{"line":6,"column":0},"end":{"line":6,"column":25}},"2":{"start":{"line":8,"column":20},"end":{"line":8,"column":72}},"3":{"start":{"line":10,"column":18},"end":{"line":10,"column":69}},"4":{"start":{"line":12,"column":17},"end":{"line":12,"column":74}},"5":{"start":{"line":14,"column":14},"end":{"line":14,"column":64}},"6":{"start":{"line":16,"column":39},"end":{"line":16,"column":93}},"7":{"start":{"line":20,"column":4},"end":{"line":20,"column":12}},"8":{"start":{"line":21,"column":4},"end":{"line":21,"column":21}},"9":{"start":{"line":22,"column":4},"end":{"line":22,"column":33}},"10":{"start":{"line":23,"column":4},"end":{"line":23,"column":17}},"11":{"start":{"line":24,"column":4},"end":{"line":24,"column":27}},"12":{"start":{"line":28,"column":4},"end":{"line":30,"column":5}},"13":{"start":{"line":29,"column":6},"end":{"line":29,"column":75}},"14":{"start":{"line":32,"column":4},"end":{"line":34,"column":5}},"15":{"start":{"line":33,"column":6},"end":{"line":33,"column":104}},"16":{"start":{"line":36,"column":4},"end":{"line":38,"column":5}},"17":{"start":{"line":37,"column":6},"end":{"line":37,"column":109}},"18":{"start":{"line":42,"column":4},"end":{"line":42,"column":21}},"19":{"start":{"line":46,"column":4},"end":{"line":46,"column":23}},"20":{"start":{"line":47,"column":4},"end":{"line":47,"column":24}},"21":{"start":{"line":48,"column":4},"end":{"line":48,"column":20}},"22":{"start":{"line":49,"column":4},"end":{"line":49,"column":21}},"23":{"start":{"line":53,"column":4},"end":{"line":55,"column":5}},"24":{"start":{"line":54,"column":6},"end":{"line":54,"column":63}},"25":{"start":{"line":59,"column":4},"end":{"line":65,"column":5}},"26":{"start":{"line":60,"column":6},"end":{"line":60,"column":25}},"27":{"start":{"line":61,"column":6},"end":{"line":61,"column":23}},"28":{"start":{"line":63,"column":6},"end":{"line":63,"column":27}},"29":{"start":{"line":64,"column":6},"end":{"line":64,"column":37}},"30":{"start":{"line":67,"column":4},"end":{"line":67,"column":21}},"31":{"start":{"line":71,"column":4},"end":{"line":78,"column":5}},"32":{"start":{"line":72,"column":20},"end":{"line":72,"column":41}},"33":{"start":{"line":73,"column":20},"end":{"line":73,"column":35}},"34":{"start":{"line":74,"column":6},"end":{"line":74,"column":73}},"35":{"start":{"line":75,"column":6},"end":{"line":75,"column":29}},"36":{"start":{"line":77,"column":6},"end":{"line":77,"column":26}},"37":{"start":{"line":82,"column":4},"end":{"line":82,"column":63}},"38":{"start":{"line":86,"column":20},"end":{"line":86,"column":159}},"39":{"start":{"line":87,"column":4},"end":{"line":87,"column":73}},"40":{"start":{"line":91,"column":4},"end":{"line":93,"column":5}},"41":{"start":{"line":92,"column":6},"end":{"line":92,"column":25}},"42":{"start":{"line":97,"column":4},"end":{"line":97,"column":54}},"43":{"start":{"line":101,"column":4},"end":{"line":101,"column":27}},"44":{"start":{"line":106,"column":0},"end":{"line":106,"column":29}}},"fnMap":{"0":{"name":"_interopRequireDefault","decl":{"start":{"line":16,"column":9},"end":{"line":16,"column":31}},"loc":{"start":{"line":16,"column":37},"end":{"line":16,"column":95}},"line":16},"1":{"name":"(anonymous_1)","decl":{"start":{"line":19,"column":2},"end":{"line":19,"column":3}},"loc":{"start":{"line":19,"column":32},"end":{"line":25,"column":3}},"line":19},"2":{"name":"(anonymous_2)","decl":{"start":{"line":27,"column":2},"end":{"line":27,"column":3}},"loc":{"start":{"line":27,"column":20},"end":{"line":39,"column":3}},"line":27},"3":{"name":"(anonymous_3)","decl":{"start":{"line":41,"column":2},"end":{"line":41,"column":3}},"loc":{"start":{"line":41,"column":12},"end":{"line":43,"column":3}},"line":41},"4":{"name":"(anonymous_4)","decl":{"start":{"line":45,"column":2},"end":{"line":45,"column":3}},"loc":{"start":{"line":45,"column":16},"end":{"line":50,"column":3}},"line":45},"5":{"name":"(anonymous_5)","decl":{"start":{"line":52,"column":2},"end":{"line":52,"column":3}},"loc":{"start":{"line":52,"column":17},"end":{"line":56,"column":3}},"line":52},"6":{"name":"(anonymous_6)","decl":{"start":{"line":58,"column":2},"end":{"line":58,"column":3}},"loc":{"start":{"line":58,"column":16},"end":{"line":68,"column":3}},"line":58},"7":{"name":"(anonymous_7)","decl":{"start":{"line":70,"column":2},"end":{"line":70,"column":3}},"loc":{"start":{"line":70,"column":13},"end":{"line":79,"column":3}},"line":70},"8":{"name":"(anonymous_8)","decl":{"start":{"line":81,"column":2},"end":{"line":81,"column":3}},"loc":{"start":{"line":81,"column":12},"end":{"line":83,"column":3}},"line":81},"9":{"name":"(anonymous_9)","decl":{"start":{"line":85,"column":2},"end":{"line":85,"column":3}},"loc":{"start":{"line":85,"column":17},"end":{"line":88,"column":3}},"line":85},"10":{"name":"(anonymous_10)","decl":{"start":{"line":90,"column":2},"end":{"line":90,"column":3}},"loc":{"start":{"line":90,"column":20},"end":{"line":94,"column":3}},"line":90},"11":{"name":"(anonymous_11)","decl":{"start":{"line":96,"column":2},"end":{"line":96,"column":3}},"loc":{"start":{"line":96,"column":10},"end":{"line":98,"column":3}},"line":96},"12":{"name":"(anonymous_12)","decl":{"start":{"line":100,"column":2},"end":{"line":100,"column":3}},"loc":{"start":{"line":100,"column":13},"end":{"line":102,"column":3}},"line":100}},"branchMap":{"0":{"loc":{"start":{"line":16,"column":46},"end":{"line":16,"column":92}},"type":"cond-expr","locations":[{"start":{"line":16,"column":70},"end":{"line":16,"column":73}},{"start":{"line":16,"column":76},"end":{"line":16,"column":92}}],"line":16},"1":{"loc":{"start":{"line":16,"column":46},"end":{"line":16,"column":67}},"type":"binary-expr","locations":[{"start":{"line":16,"column":46},"end":{"line":16,"column":49}},{"start":{"line":16,"column":53},"end":{"line":16,"column":67}}],"line":16},"2":{"loc":{"start":{"line":28,"column":4},"end":{"line":30,"column":5}},"type":"if","locations":[{"start":{"line":28,"column":4},"end":{"line":30,"column":5}},{"start":{"line":28,"column":4},"end":{"line":30,"column":5}}],"line":28},"3":{"loc":{"start":{"line":32,"column":4},"end":{"line":34,"column":5}},"type":"if","locations":[{"start":{"line":32,"column":4},"end":{"line":34,"column":5}},{"start":{"line":32,"column":4},"end":{"line":34,"column":5}}],"line":32},"4":{"loc":{"start":{"line":36,"column":4},"end":{"line":38,"column":5}},"type":"if","locations":[{"start":{"line":36,"column":4},"end":{"line":38,"column":5}},{"start":{"line":36,"column":4},"end":{"line":38,"column":5}}],"line":36},"5":{"loc":{"start":{"line":53,"column":4},"end":{"line":55,"column":5}},"type":"if","locations":[{"start":{"line":53,"column":4},"end":{"line":55,"column":5}},{"start":{"line":53,"column":4},"end":{"line":55,"column":5}}],"line":53},"6":{"loc":{"start":{"line":59,"column":4},"end":{"line":65,"column":5}},"type":"if","locations":[{"start":{"line":59,"column":4},"end":{"line":65,"column":5}},{"start":{"line":59,"column":4},"end":{"line":65,"column":5}}],"line":59},"7":{"loc":{"start":{"line":71,"column":4},"end":{"line":78,"column":5}},"type":"if","locations":[{"start":{"line":71,"column":4},"end":{"line":78,"column":5}},{"start":{"line":71,"column":4},"end":{"line":78,"column":5}}],"line":71},"8":{"loc":{"start":{"line":91,"column":4},"end":{"line":93,"column":5}},"type":"if","locations":[{"start":{"line":91,"column":4},"end":{"line":93,"column":5}},{"start":{"line":91,"column":4},"end":{"line":93,"column":5}}],"line":91}},"s":{"0":1,"1":1,"2":1,"3":1,"4":1,"5":1,"6":4,"7":27,"8":27,"9":27,"10":27,"11":27,"12":27,"13":1,"14":26,"15":1,"16":25,"17":1,"18":1,"19":16,"20":16,"21":15,"22":8,"23":16,"24":1,"25":43,"26":28,"27":28,"28":15,"29":15,"30":43,"31":15,"32":8,"33":8,"34":8,"35":8,"36":7,"37":15,"38":7,"39":7,"40":8,"41":1,"42":10,"43":1,"44":1},"f":{"0":4,"1":27,"2":27,"3":1,"4":16,"5":16,"6":43,"7":15,"8":15,"9":7,"10":8,"11":10,"12":1},"b":{"0":[4,0],"1":[4,4],"2":[1,26],"3":[1,25],"4":[1,24],"5":[1,15],"6":[28,15],"7":[8,7],"8":[1,7]},"_coverageSchema":"43e27e138ebf9cfc5966b082cf9a028302ed4184","hash":"7cdac779f6067b427cfb26126ca46785514d14b2","contentHash":"20afb824811f316a7e1757ecf8472ad8f7f93655de621a833bc69dd8d788da12"},"/Users/jared.barnes/Documents/clarity-cursor/lib/tests/Integrations.js":{"path":"/Users/jared.barnes/Documents/clarity-cursor/lib/tests/Integrations.js","statementMap":{},"fnMap":{},"branchMap":{},"s":{},"f":{},"b":{},"_coverageSchema":"43e27e138ebf9cfc5966b082cf9a028302ed4184","hash":"d282fff8a9a6b92a815a966b576e63b42ff18187","contentHash":"e5116302908a6eaa272ba5a83b2bf8a6c2e424d1d2bdb93da0c8c4f984c6a86a"},"/Users/jared.barnes/Documents/clarity-cursor/lib/tests/Literal.js":{"path":"/Users/jared.barnes/Documents/clarity-cursor/lib/tests/Literal.js","statementMap":{"0":{"start":{"line":3,"column":15},"end":{"line":3,"column":78}},"1":{"start":{"line":5,"column":14},"end":{"line":5,"column":61}},"2":{"start":{"line":7,"column":14},"end":{"line":7,"column":55}},"3":{"start":{"line":9,"column":39},"end":{"line":9,"column":93}},"4":{"start":{"line":11,"column":0},"end":{"line":15,"column":2}},"5":{"start":{"line":12,"column":2},"end":{"line":14,"column":5}},"6":{"start":{"line":13,"column":4},"end":{"line":13,"column":27}},"7":{"start":{"line":17,"column":0},"end":{"line":21,"column":2}},"8":{"start":{"line":18,"column":2},"end":{"line":20,"column":5}},"9":{"start":{"line":19,"column":4},"end":{"line":19,"column":36}},"10":{"start":{"line":23,"column":0},"end":{"line":27,"column":2}},"11":{"start":{"line":24,"column":2},"end":{"line":26,"column":5}},"12":{"start":{"line":25,"column":4},"end":{"line":25,"column":42}},"13":{"start":{"line":29,"column":0},"end":{"line":33,"column":2}},"14":{"start":{"line":30,"column":2},"end":{"line":32,"column":5}},"15":{"start":{"line":31,"column":4},"end":{"line":31,"column":40}},"16":{"start":{"line":35,"column":0},"end":{"line":47,"column":2}},"17":{"start":{"line":36,"column":19},"end":{"line":36,"column":58}},"18":{"start":{"line":37,"column":17},"end":{"line":37,"column":64}},"19":{"start":{"line":38,"column":15},"end":{"line":38,"column":37}},"20":{"start":{"line":40,"column":2},"end":{"line":40,"column":47}},"21":{"start":{"line":42,"column":2},"end":{"line":42,"column":43}},"22":{"start":{"line":44,"column":2},"end":{"line":44,"column":46}},"23":{"start":{"line":46,"column":2},"end":{"line":46,"column":47}},"24":{"start":{"line":49,"column":0},"end":{"line":63,"column":2}},"25":{"start":{"line":50,"column":19},"end":{"line":50,"column":58}},"26":{"start":{"line":51,"column":17},"end":{"line":51,"column":43}},"27":{"start":{"line":52,"column":15},"end":{"line":52,"column":37}},"28":{"start":{"line":54,"column":2},"end":{"line":54,"column":47}},"29":{"start":{"line":56,"column":2},"end":{"line":56,"column":43}},"30":{"start":{"line":58,"column":2},"end":{"line":58,"column":46}},"31":{"start":{"line":60,"column":2},"end":{"line":60,"column":47}},"32":{"start":{"line":62,"column":2},"end":{"line":62,"column":48}},"33":{"start":{"line":65,"column":0},"end":{"line":76,"column":2}},"34":{"start":{"line":66,"column":19},"end":{"line":66,"column":58}},"35":{"start":{"line":67,"col
[...]
142,"column":31},"end":{"line":144,"column":3}},"line":142},"27":{"name":"(anonymous_27)","decl":{"start":{"line":147,"column":44},"end":{"line":147,"column":45}},"loc":{"start":{"line":147,"column":50},"end":{"line":157,"column":1}},"line":147}},"branchMap":{"0":{"loc":{"start":{"line":13,"column":46},"end":{"line":13,"column":92}},"type":"cond-expr","locations":[{"start":{"line":13,"column":70},"end":{"line":13,"column":73}},{"start":{"line":13,"column":76},"end":{"line":13,"column":92}}],"line":13},"1":{"loc":{"start":{"line":13,"column":46},"end":{"line":13,"column":67}},"type":"binary-expr","locations":[{"start":{"line":13,"column":46},"end":{"line":13,"column":49}},{"start":{"line":13,"column":53},"end":{"line":13,"column":67}}],"line":13}},"s":{"0":1,"1":1,"2":1,"3":1,"4":1,"5":5,"6":1,"7":1,"8":1,"9":1,"10":1,"11":1,"12":1,"13":1,"14":1,"15":1,"16":1,"17":1,"18":1,"19":1,"20":1,"21":1,"22":1,"23":1,"24":1,"25":1,"26":1,"27":1,"28":1,"29":1,"30":1,"31":1,"32":1,"33":1,"34":1,"35":1,"36":1,"37":1,"38":1,"39":1,"40":1,"41":1,"42":1,"43":1,"44":1,"45":1,"46":1,"47":1,"48":1,"49":1,"50":1,"51":1,"52":1,"53":1,"54":1,"55":1,"56":1,"57":1,"58":1,"59":1,"60":1,"61":1,"62":1,"63":1,"64":1,"65":1,"66":1,"67":1,"68":1,"69":1,"70":1,"71":1,"72":1,"73":1,"74":1,"75":1,"76":1,"77":1,"78":1,"79":1,"80":1,"81":1,"82":1,"83":1,"84":1,"85":1,"86":1,"87":1,"88":1,"89":1,"90":1},"f":{"0":5,"1":1,"2":1,"3":1,"4":1,"5":1,"6":1,"7":1,"8":1,"9":1,"10":1,"11":1,"12":1,"13":1,"14":1,"15":1,"16":1,"17":1,"18":1,"19":1,"20":1,"21":1,"22":1,"23":1,"24":1,"25":1,"26":1,"27":1},"b":{"0":[4,1],"1":[5,5]},"_coverageSchema":"43e27e138ebf9cfc5966b082cf9a028302ed4184","hash":"059d8034b637d24a5f3d676ddc9fef4b983d92b9","contentHash":"0c8fa785f665d4eb6d06304cbc9d2aaa6499d9538938767df748ecd18a2fbd52"},"/Users/jared.barnes/Documents/clarity-cursor/lib/patterns/value/OrValue.js":{"path":"/Users/jared.barnes/Documents/clarity-cursor/lib/patterns/value/OrValue.js","statementMap":{"0":{"start":{"line":3,"column":0},"end":{"line":5,"column":3}},"1":{"start":{"line":6,"column":0},"end":{"line":6,"column":25}},"2":{"start":{"line":8,"column":21},"end":{"line":8,"column":74}},"3":{"start":{"line":10,"column":17},"end":{"line":10,"column":74}},"4":{"start":{"line":12,"column":14},"end":{"line":12,"column":64}},"5":{"start":{"line":14,"column":18},"end":{"line":14,"column":69}},"6":{"start":{"line":16,"column":39},"end":{"line":16,"column":93}},"7":{"start":{"line":20,"column":4},"end":{"line":20,"column":26}},"8":{"start":{"line":21,"column":4},"end":{"line":21,"column":17}},"9":{"start":{"line":25,"column":4},"end":{"line":25,"column":23}},"10":{"start":{"line":26,"column":4},"end":{"line":26,"column":21}},"11":{"start":{"line":27,"column":4},"end":{"line":27,"column":19}},"12":{"start":{"line":28,"column":4},"end":{"line":28,"column":21}},"13":{"start":{"line":29,"column":4},"end":{"line":29,"column":21}},"14":{"start":{"line":31,"column":4},"end":{"line":34,"column":5}},"15":{"start":{"line":32,"column":6},"end":{"line":32,"column":27}},"16":{"start":{"line":33,"column":6},"end":{"line":33,"column":32}},"17":{"start":{"line":38,"column":4},"end":{"line":38,"column":23}},"18":{"start":{"line":39,"column":4},"end":{"line":39,"column":24}},"19":{"start":{"line":40,"column":4},"end":{"line":40,"column":22}},"20":{"start":{"line":41,"column":4},"end":{"line":41,"column":62}},"21":{"start":{"line":45,"column":4},"end":{"line":47,"column":5}},"22":{"start":{"line":46,"column":6},"end":{"line":46,"column":63}},"23":{"start":{"line":51,"column":20},"end":{"line":51,"column":45}},"24":{"start":{"line":53,"column":4},"end":{"line":57,"column":5}},"25":{"start":{"line":54,"column":6},"end":{"line":54,"column":45}},"26":{"start":{"line":56,"column":6},"end":{"line":56,"column":31}},"27":{"start":{"line":61,"column":4},"end":{"line":61,"column":28}},"28":{"start":{"line":63,"column":4},"end":{"line":69,"column":5}},"29":{"start":{"line":64,"column":6},"end":{"line":64,"column":19}},"30":{"start":{"line":65,"column":6},"end":{"line":65,"column":40}},"31":{"start":{"line":66,"column":6},"end":{"line":66,"column":24}},"32":{"start":{"line":68,"column":6},"end":{"line":68,"column":24}},"33":{"start":{"line":73,"column":18},"end":{"line":79,"column":6}},"34":{"start":{"line":74,"column":6},"end":{"line":78,"column":7}},"35":{"start":{"line":75,"column":8},"end":{"line":75,"column":29}},"36":{"start":{"line":77,"column":8},"end":{"line":77,"column":25}},"37":{"start":{"line":80,"column":4},"end":{"line":80,"column":16}},"38":{"start":{"line":84,"column":4},"end":{"line":84,"column":49}},"39":{"start":{"line":89,"column":0},"end":{"line":89,"column":26}}},"fnMap":{"0":{"name":"_interopRequireDefault","decl":{"start":{"line":16,"column":9},"end":{"line":16,"column":31}},"loc":{"start":{"line":16,"column":37},"end":{"line":16,"column":95}},"line":16},"1":{"name":"(anonymous_1)","decl":{"start":{"line":19,"column":2},"end":{"line":19,"column":3}},"loc":{"start":{"line":19,"column":30},"end":{"line":22,"column":3}},"line":19},"2":{"name":"(anonymous_2)","decl":{"start":{"line":24,"column":2},"end":{"line":24,"column":3}},"loc":{"start":{"line":24,"column":16},"end":{"line":35,"column":3}},"line":24},"3":{"name":"(anonymous_3)","decl":{"start":{"line":37,"column":2},"end":{"line":37,"column":3}},"loc":{"start":{"line":37,"column":16},"end":{"line":42,"column":3}},"line":37},"4":{"name":"(anonymous_4)","decl":{"start":{"line":44,"column":2},"end":{"line":44,"column":3}},"loc":{"start":{"line":44,"column":17},"end":{"line":48,"column":3}},"line":44},"5":{"name":"(anonymous_5)","decl":{"start":{"line":50,"column":2},"end":{"line":50,"column":3}},"loc":{"start":{"line":50,"column":15},"end":{"line":58,"column":3}},"line":50},"6":{"name":"(anonymous_6)","decl":{"start":{"line":60,"column":2},"end":{"line":60,"column":3}},"loc":{"start":{"line":60,"column":22},"end":{"line":70,"column":3}},"line":60},"7":{"name":"(anonymous_7)","decl":{"start":{"line":72,"column":2},"end":{"line":72,"column":3}},"loc":{"start":{"line":72,"column":15},"end":{"line":81,"column":3}},"line":72},"8":{"name":"(anonymous_8)","decl":{"start":{"line":73,"column":37},"end":{"line":73,"column":38}},"loc":{"start":{"line":73,"column":67},"end":{"line":79,"column":5}},"line":73},"9":{"name":"(anonymous_9)","decl":{"start":{"line":83,"column":2},"end":{"line":83,"column":3}},"loc":{"start":{"line":83,"column":10},"end":{"line":85,"column":3}},"line":83}},"branchMap":{"0":{"loc":{"start":{"line":16,"column":46},"end":{"line":16,"column":92}},"type":"cond-expr","locations":[{"start":{"line":16,"column":70},"end":{"line":16,"column":73}},{"start":{"line":16,"column":76},"end":{"line":16,"column":92}}],"line":16},"1":{"loc":{"start":{"line":16,"column":46},"end":{"line":16,"column":67}},"type":"binary-expr","locations":[{"start":{"line":16,"column":46},"end":{"line":16,"column":49}},{"start":{"line":16,"column":53},"end":{"line":16,"column":67}}],"line":16},"2":{"loc":{"start":{"line":31,"column":4},"end":{"line":34,"column":5}},"type":"if","locations":[{"start":{"line":31,"column":4},"end":{"line":34,"column":5}},{"start":{"line":31,"column":4},"end":{"line":34,"column":5}}],"line":31},"3":{"loc":{"start":{"line":45,"column":4},"end":{"line":47,"column":5}},"type":"if","locations":[{"start":{"line":45,"column":4},"end":{"line":47,"column":5}},{"start":{"line":45,"column":4},"end":{"line":47,"column":5}}],"line":45},"4":{"loc":{"start":{"line":63,"column":4},"end":{"line":69,"column":5}},"type":"if","locations":[{"start":{"line":63,"column":4},"end":{"line":69,"column":5}},{"start":{"line":63,"column":4},"end":{"line":69,"column":5}}],"line":63},"5":{"loc":{"start":{"line":74,"column":6},"end":{"line":78,"column":7}},"type":"if","locations":[{"start":{"line":74,"column":6},"end":{"line":78,"column":7}},{"start":{"line":74,"column":6},"end":{"line":78,"column":7}}],"line":74}},"s":{"0":1,"1":1,"2":1,"3":1,"4":1,"5":1,"6":4,"7":15,"8":8,"9":17,"10":17,"11":17,"12":17,"13":17,"14":17,"15":8,"16":8,"17":9,"18":9,"19":8,"20":5,"21":9,"22":1,"23":14,"24":14,"25":14,"26":9,"27":9,"28":9,"29":6,"30":6,"31":6,"32":3,"33":3,"34":3,"35":1,"36":2,"37":3,"38":1,"39":1},"f":{"0":4,"1":15,"2":17,"3":9,"4":9,"5":14,"6":9,"7":3,"8":3,"9":1},"b":{"0":[4,0],"1":[4,4],"2":[8,9],"3":[1,8],"4":[6,3],"5":[1,2]},"_coverageSchema":"43e27e138ebf9cfc5966b082cf9a028302ed4184","hash":"d368f45ae5942458785d6fa54ff36776799bdcbb","contentHash":"faf0540284434f98ea311117dd86c52101e9d9bca4e86418203f1b884125081e"},"/Users/jared.barnes/Documents/clarity-cursor/lib/tests/Pattern.js":{"path":"/Users/jared.barnes/Documents/clarity-cursor/lib/tests/Pattern.js","statementMap":{"0":{"start":{"line":3,"column":15},"end":{"line":3,"column":72}},"1":{"start":{"line":5,"column":14},"end":{"line":5,"column":55}},"2":{"start":{"line":7,"column":39},"end":{"line":7,"column":93}},"3":{"start":{"line":9,"column":0},"end":{"line":15,"column":2}},"4":{"start":{"line":10,"column":23},"end":{"line":10,"column":45}},"5":{"start":{"line":12,"column":2},"end":{"line":14,"column":5}},"6":{"start":{"line":13,"column":4},"end":{"line":13,"column":25}},"7":{"start":{"line":17,"column":0},"end":{"line":23,"column":2}},"8":{"start":{"line":18,"column":23},"end":{"line":18,"column":45}},"9":{"start":{"line":20,"column":2},"end":{"line":22,"column":5}},"10":{"start":{"line":21,"column":4},"end":{"line":21,"column":27}},"11":{"start":{"line":25,"column":0},"end":{"line":31,"column":2}},"12":{"start":{"line":26,"column":23},"end":{"line":26,"column":45}},"13":{"start":{"line":28,"column":2},"end":{"line":30,"column":5}},"14":{"start":{"line":29,"column":4},"end":{"line":29,"column":27}},"15":{"start":{"line":33,"column":0},"end":{"line":39,"column":2}},"16":{"start":{"line":34,"column":23},"end":{"line":34,"column":45}},"17":{"start":{"line":36,"column":2},"end":{"line":38,"column":5}},"18":{"start":{"line":37,"column":4},"end":{"line":37,"column":25}},"19":{"start":{"line":41,"column":0},"end":{"line":47,"column":2}},"20":{"start":{"line":42,"column":23},"end":{"line":42,"column":45}},"21":{"start":{"line":44,"column":2},"end":{"line":46,"column":5}},"22":{"start":{"line":45,"column":4},"end":{"line":45,"column":31}}},"fnMap":{"0":{"name":"_interopRequireDefault","decl":{"start":{"line":7,"column":9},"end":{"line":7,"column":31}},"loc":{"start":{"line":7,"column":37},"end":{"line":7,"column":95}},"line":7},"1":{"name":"(anonymous_1)","decl":{"start":{"line":9,"column":29},"end":{"line":9,"column":30}},"loc":{"start":{"line":9,"column":35},"end":{"line":15,"column":1}},"line":9},"2":{"name":"(anonymous_2)","decl":{"start":{"line":12,"column":25},"end":{"line":12,"column":26}},"loc":{"start":{"line":12,"column":31},"end":{"line":14,"column":3}},"line":12},"3":{"name":"(anonymous_3)","decl":{"start":{"line":17,"column":31},"end":{"line":17,"column":32}},"loc":{"start":{"line":17,"column":37},"end":{"line":23,"column":1}},"line":17},"4":{"name":"(anonymous_4)","decl":{"start":{"line":20,"column":25},"end":{"line":20,"column":26}},"loc":{"start":{"line":20,"column":31},"end":{"line":22,"column":3}},"line":20},"5":{"name":"(anonymous_5)","decl":{"start":{"line":25,"column":31},"end":{"line":25,"column":32}},"loc":{"start":{"line":25,"column":37},"end":{"line":31,"column":1}},"line":25},"6":{"name":"(anonymous_6)","decl":{"start":{"line":28,"column":25},"end":{"line":28,"column":26}},"loc":{"start":{"line":28,"column":31},"end":{"line":30,"column":3}},"line":28},"7":{"name":"(anonymous_7)","decl":{"start":{"line":33,"column":29},"end":{"line":33,"column":30}},"loc":{"start":{"line":33,"column":35},"end":{"line":39,"column":1}},"line":33},"8":{"name":"(anonymous_8)","decl":{"start":{"line":36,"column":25},"end":{"line":36,"column":26}},"loc":{"start":{"line":36,"column":31},"end":{"line":38,"column":3}},"line":36},"9":{"name":"(anonymous_9)","decl":{"start":{"line":41,"column":35},"end":{"line":41,"column":36}},"loc":{"start":{"line":41,"column":41},"end":{"line":47,"column":1}},"line":41},"10":{"name":"(anonymous_10)","decl":{"start":{"line":44,"column":25},"end":{"line":44,"column":26}},"loc":{"start":{"line":44,"column":31},"end":{"line":46,"column":3}},"line":44}},"branchMap":{"0":{"loc":{"start":{"line":7,"column":46},"end":{"line":7,"column":92}},"type":"cond-expr","locations":[{"start":{"line":7,"column":70},"end":{"line":7,"column":73}},{"start":{"line":7,"column":76},"end":{"line":7,"column":92}}],"line":7},"1":{"loc":{"start":{"line":7,"column":46},"end":{"line":7,"column":67}},"type":"binary-expr","locations":[{"start":{"line":7,"column":46},"end":{"line":7,"column":49}},{"start":{"line":7,"column":53},"end":{"line":7,"column":67}}],"line":7}},"s":{"0":1,"1":1,"2":2,"3":1,"4":1,"5":1,"6":1,"7":1,"8":1,"9":1,"10":1,"11":1,"12":1,"13":1,"14":1,"15":1,"16":1,"17":1,"18":1,"19":1,"20":1,"21":1,"22":1},"f":{"0":2,"1":1,"2":1,"3":1,"4":1,"5":1,"6":1,"7":1,"8":1,"9":1,"10":1},"b":{"0":[1,1],"1":[2,2]},"_coverageSchema":"43e27e138ebf9cfc5966b082cf9a028302ed4184","hash":"6413911c0c7fba61e0dea90919e81b863b378897","contentHash":"25c6bf45a4e7fcacfa192bef042170b4bbd0f845937684a08e94f397ab7f1c2d"},"/Users/jared.barnes/Documents/clarity-cursor/lib/tests/ValueNode.js":{"path":"/Users/jared.barnes/Documents/clarity-cursor/lib/tests/ValueNode.js","statementMap":{"0":{"start":{"line":3,"column":17},"end":{"line":3,"column":71}},"1":{"start":{"line":5,"column":14},"end":{"line":5,"column":55}},"2":{"start":{"line":7,"column":39},"end":{"line":7,"column":93}},"3":{"start":{"line":9,"column":0},"end":{"line":20,"column":2}},"4":{"start":{"line":10,"column":15},"end":{"line":10,"column":60}},"5":{"start":{"line":11,"column":16},"end":{"line":11,"column":28}},"6":{"start":{"line":13,"column":2},"end":{"line":13,"column":47}},"7":{"start":{"line":15,"column":2},"end":{"line":15,"column":49}},"8":{"start":{"line":17,"column":2},"end":{"line":17,"column":59}},"9":{"start":{"line":19,"column":2},"end":{"line":19,"column":55}}},"fnMap":{"0":{"name":"_interopRequireDefault","decl":{"start":{"line":7,"column":9},"end":{"line":7,"column":31}},"loc":{"start":{"line":7,"column":37},"end":{"line":7,"column":95}},"line":7},"1":{"name":"(anonymous_1)","decl":{"start":{"line":9,"column":31},"end":{"line":9,"column":32}},"loc":{"start":{"line":9,"column":37},"end":{"line":20,"column":1}},"line":9}},"branchMap":{"0":{"loc":{"start":{"line":7,"column":46},"end":{"line":7,"column":92}},"type":"cond-expr","locations":[{"start":{"line":7,"column":70},"end":{"line":7,"column":73}},{"start":{"line":7,"column":76},"end":{"line":7,"column":92}}],"line":7},"1":{"loc":{"start":{"line":7,"column":46},"end":{"line":7,"column":67}},"type":"binary-expr","locations":[{"start":{"line":7,"column":46},"end":{"line":7,"column":49}},{"start":{"line":7,"column":53},"end":{"line":7,"column":67}}],"line":7}},"s":{"0":1,"1":1,"2":2,"3":1,"4":1,"5":1,"6":1,"7":1,"8":1,"9":1},"f":{"0":2,"1":1},"b":{"0":[1,1],"1":[2,2]},"_coverageSchema":"43e27e138ebf9cfc5966b082cf9a028302ed4184","hash":"3a39ba372fd7cd467109da20be58c1f377cbc14b","contentHash":"ac27e2519584de2c3d7cebdea309a2a7e212c119690be9982aad4ac2117f6630"},"/Users/jared.barnes/Documents/clarity-cursor/lib/tests/ValuePattern.js":{"path":"/Users/jared.barnes/Documents/clarity-cursor/lib/tests/ValuePattern.js","statementMap":{"0":{"start":{"line":3,"column":20},"end":{"line":3,"column":88}},"1":{"start":{"line":5,"column":14},"end":{"line":5,"column":55}},"2":{"start":{"line":7,"column":39},"end":{"line":7,"column":93}},"3":{"start":{"line":9,"column":0},"end":{"line":13,"column":2}},"4":{"start":{"line":10,"column":23},"end":{"line":10,"column":65}},"5":{"start":{"line":12,"column":2},"end":{"line":12,"column":57}},"6":{"start":{"line":15,"column":0},"end":{"line":19,"column":2}},"7":{"start":{"line":16,"column":23},"end":{"line":16,"column":50}},"8":{"start":{"line":18,"column":2},"end":{"line":18,"column":58}},"9":{"start":{"line":21,"column":0},"end":{"line":27,"column":2}},"10":{"start":{"line":22,"column":23},"end":{"line":22,"column":50}},"11":{"start":{"line":24,"column":2},"end":{"line":26,"column":5}},"12":{"start":{"line":25,"column":4},"end":{"line":25,"column":28}}},"fnMap":{"0":{"name":"_interopRequireDefault","decl":{"start":{"line":7,"column":9},"end":{"line":7,"column":31}},"loc":{"start":{"line":7,"column":37},"end":{"line":7,"column":95}},"line":7},"1":{"name":"(anonymous_1)","decl":{"start":{"line":9,"column":36},"end":{"line":9,"column":37}},"loc":{"start":{"line":9,"column":42},"end":{"line":13,"column":1}},"line":9},"2":{"name":"(anonymous_2)","decl":{"start":{"line":15,"column":40},"end":{"line":15,"column":41}},"loc":{"start":{"line":15,"column":46},"end":{"line":19,"column":1}},"line":15},"3":{"name":"(anonymous_3)","decl":{"start":{"line":21,"column":37},"end":{"line":21,"column":38}},"loc":{"start":{"line":21,"column":43},"end":{"line":27,"column":1}},"line":21},"4":{"name":"(anonymous_4)","decl":{"start":{"line":24,"column":25},"end":{"line":24,"column":26}},"loc":{"start":{"line":24,"column":31},"end":{"line":26,"column":3}},"line":24}},"branchMap":{"0":{"loc":{"start":{"line":7,"column":46},"end":{"line":7,"column":92}},"type":"cond-expr","locations":[{"start":{"line":7,"column":70},"end":{"line":7,"column":73}},{"start":{"line":7,"column":76},"end":{"line":7,"column":92}}],"line":7},"1":{"loc":{"start":{"line":7,"column":46},"end":{"line":7,"column":67}},"type":"binary-expr","locations":[{"start":{"line":7,"column":46},"end":{"line":7,"column":49}},{"start":{"line":7,"column":53},"end":{"line":7,"column":67}}],"line":7}},"s":{"0":1,"1":1,"2":2,"3":1,"4":1,"5":1,"6":1,"7":1,"8":1,"9":1,"10":1,"11":1,"12":1},"f":{"0":2,"1":1,"2":1,"3":1,"4":1},"b":{"0":[1,1],"1":[2,2]},"_coverageSchema":"43e27e138ebf9cfc5966b082cf9a028302ed4184","hash":"90acbb11db9f37c18f0f225092ad472e23ea4898","contentHash":"727fff6adc2e47a032720b473bb72e595ef0cf34571167afb608d12d940b17cc"},"/Users/jared.barnes/Documents/clarity-cursor/lib/tests/ValuePatterns.js":{"path":"/Users/jared.barnes/Documents/clarity-cursor/lib/tests/ValuePatterns.js","statementMap":{"0":{"start":{"line":3,"column":21},"end":{"line":3,"column":90}},"1":{"start":{"line":5,"column":14},"end":{"line":5,"column":55}},"2":{"start":{"line":7,"column":15},"end":{"line":7,"column":78}},"3":{"start":{"line":9,"column":39},"end":{"line":9,"column":93}},"4":{"start":{"line":11,"column":0},"end":{"line":17,"column":2}},"5":{"start":{"line":12,"column":24},"end":{"line":12,"column":124}},"6":{"start":{"line":14,"column":2},"end":{"line":16,"column":5}},"7":{"start":{"line":15,"column":4},"end":{"line":15,"column":26}}},"fnMap":{"0":{"name":"_interopRequireDefault","decl":{"start":{"line":9,"column":9},"end":{"line":9,"column":31}},"loc":{"start":{"line":9,"column":37},"end":{"line":9,"column":95}},"line":9},"1":{"name":"(anonymous_1)","decl":{"start":{"line":11,"column":37},"end":{"line":11,"column":38}},"loc":{"start":{"line":11,"column":43},"end":{"line":17,"column":1}},"line":11},"2":{"name":"(anonymous_2)","decl":{"start":{"line":14,"column":25},"end":{"line":14,"column":26}},"loc":{"start":{"line":14,"column":31},"end":{"line":16,"column":3}},"line":14}},"branchMap":{"0":{"loc":{"start":{"line":9,"column":46},"end":{"line":9,"column":92}},"type":"cond-expr","locations":[{"start":{"line":9,"column":70},"end":{"line":9,"column":73}},{"start":{"line":9,"column":76},"end":{"line":9,"column":92}}],"line":9},"1":{"loc":{"start":{"line":9,"column":46},"end":{"line":9,"column":67}},"type":"binary-expr","locations":[{"start":{"line":9,"column":46},"end":{"line":9,"column":49}},{"start":{"line":9,"column":53},"end":{"line":9,"column":67}}],"line":9}},"s":{"0":1,"1":1,"2":1,"3":3,"4":1,"5":1,"6":1,"7":1},"f":{"0":3,"1":1,"2":1},"b":{"0":[2,1],"1":[3,3]},"_coverageSchema":"43e27e138ebf9cfc5966b082cf9a028302ed4184","hash":"2b2f52eeff5bb0b7a46244049d44d05e4423c1d0","contentHash":"aa118a0f2bc1dc0f1d8fe2d71dd29cdde490e307059cb2788fa86203293b5c51"}}